2024/10/16 12:52:43 Ошибка при сканирование папки: Aerotur на наличие файлов.
Ошибка: open C:\FTP\FTPForTickets\Aerotur: no such file or directory
2024/10/16 12:52:43 Ошибка при сканирование папки: LocalUser\LinerAmadeus на наличие файлов.
Ошибка: open C:\FTP\FTPForTickets\LocalUser\LinerAmadeus: no such file or directory
2024/10/16 12:52:43 Ошибка при сканирование папки: LocalUser\LinerB2BB на наличие файлов.
Ошибка: open C:\FTP\FTPForTickets\LocalUser\LinerB2BB: no such file or directory
2024/10/16 12:52:43 Ошибка при сканирование папки: LocalUser\LinerSSOD на наличие файлов.
Ошибка: open C:\FTP\FTPForTickets\LocalUser\LinerSSOD: no such file or directory
2024/10/16 12:52:43 Ошибка при сканирование папки: LocalUser\MyAgent на наличие файлов.
Ошибка: open C:\FTP\FTPForTickets\LocalUser\MyAgent: no such file or directory
2024/10/16 12:52:43 Ошибка при сканирование папки: OLTC_02aka_ppr02 на наличие файлов.
Ошибка: open C:\FTP\FTPForTickets\OLTC_02aka_ppr02: no such file or directory
2024/10/16 12:52:43 Ошибка при сканирование папки: OLTC_02aka_ppr05 на наличие файлов.
Ошибка: open C:\FTP\FTPForTickets\OLTC_02aka_ppr05: no such file or directory
2024/10/16 12:52:43 Ошибка при сканирование папки: OLTC_27moa_ppr34 на наличие файлов.
Ошибка: open C:\FTP\FTPForTickets\OLTC_27moa_ppr34: no such file or directory
2024/10/16 12:52:43 Ошибка при сканирование папки: OLTC_52msa_ppr01 на наличие файлов.
Ошибка: open C:\FTP\FTPForTickets\OLTC_52msa_ppr01: no such file or directory
2024/10/16 12:52:43 Ошибка при сканирование папки: OLTC_71mos_ppr25 на наличие файлов.
Ошибка: open C:\FTP\FTPForTickets\OLTC_71mos_ppr25: no such file or directory
2024/10/16 12:52:43 Ошибка при сканирование папки: OLTC_87mov_ppr05 на наличие файлов.
Ошибка: open C:\FTP\FTPForTickets\OLTC_87mov_ppr05: no such file or directory
2024/10/16 12:52:43 Ошибка при сканирование папки: OLTC_agn_02mok_main на наличие файлов.
Ошибка: open C:\FTP\FTPForTickets\OLTC_agn_02mok_main: no such file or directory
2024/10/16 12:52:43 Ошибка при сканирование папки: OLTC_agn_05msv_main на наличие файлов.
Ошибка: open C:\FTP\FTPForTickets\OLTC_agn_05msv_main: no such file or directory
2024/10/16 12:52:43 Ошибка при сканирование папки: OLTC_agn_u6173_main на наличие файлов.
Ошибка: open C:\FTP\FTPForTickets\OLTC_agn_u6173_main: no such file or directory
2024/10/16 12:52:43 Ошибка при сканирование папки: S7Smart на наличие файлов.
Ошибка: open C:\FTP\FTPForTickets\S7Smart: no such file or directory
2024/10/16 12:52:43 Ошибка при сканирование папки: Sabre на наличие файлов.
Ошибка: open C:\FTP\FTPForTickets\Sabre: no such file or directory
2024/10/16 12:52:43 Ошибка при сканирование папки: LocalUser\TTBooking на наличие файлов.
Ошибка: open C:\FTP\FTPForTickets\LocalUser\TTBooking: no such file or directory
2024/10/16 12:52:43 Ошибка при сканирование папки: VipServiceAmadeus на наличие файлов.
Ошибка: open C:\FTP\FTPForTickets\VipServiceAmadeus: no such file or directory
2024/10/16 12:52:43 Ошибка при сканирование папки: VipServicePortbilet на наличие файлов.
Ошибка: open C:\FTP\FTPForTickets\VipServicePortbilet: no such file or directory
2024/10/16 12:52:57 Ошибка при сканирование папки: Aerotur на наличие файлов.
Ошибка: open C:\FTP\FTPForTickets\Aerotur: no such file or directory
2024/10/16 12:52:57 Ошибка при сканирование папки: LocalUser\LinerAmadeus на наличие файлов.
Ошибка: open C:\FTP\FTPForTickets\LocalUser\LinerAmadeus: no such file or directory
2024/10/16 12:52:57 Ошибка при сканирование папки: LocalUser\LinerB2BB на наличие файлов.
Ошибка: open C:\FTP\FTPForTickets\LocalUser\LinerB2BB: no such file or directory
2024/10/16 12:52:57 Ошибка при сканирование папки: LocalUser\LinerSSOD на наличие файлов.
Ошибка: open C:\FTP\FTPForTickets\LocalUser\LinerSSOD: no such file or directory
2024/10/16 12:52:57 Ошибка при сканирование папки: LocalUser\MyAgent на наличие файлов.
Ошибка: open C:\FTP\FTPForTickets\LocalUser\MyAgent: no such file or directory
2024/10/16 12:52:57 Ошибка при сканирование папки: OLTC_02aka_ppr02 на наличие файлов.
Ошибка: open C:\FTP\FTPForTickets\OLTC_02aka_ppr02: no such file or directory
2024/10/16 12:52:57 Ошибка при сканирование папки: OLTC_02aka_ppr05 на наличие файлов.
Ошибка: open C:\FTP\FTPForTickets\OLTC_02aka_ppr05: no such file or directory
2024/10/16 12:52:57 Ошибка при сканирование папки: OLTC_27moa_ppr34 на наличие файлов.
Ошибка: open C:\FTP\FTPForTickets\OLTC_27moa_ppr34: no such file or directory
2024/10/16 12:52:57 Ошибка при сканирование папки: OLTC_52msa_ppr01 на наличие файлов.
Ошибка: open C:\FTP\FTPForTickets\OLTC_52msa_ppr01: no such file or directory
2024/10/16 12:52:57 Ошибка при сканирование папки: OLTC_71mos_ppr25 на наличие файлов.
Ошибка: open C:\FTP\FTPForTickets\OLTC_71mos_ppr25: no such file or directory
2024/10/16 12:52:57 Ошибка при сканирование папки: OLTC_87mov_ppr05 на наличие файлов.
Ошибка: open C:\FTP\FTPForTickets\OLTC_87mov_ppr05: no such file or directory
2024/10/16 12:52:57 Ошибка при сканирование папки: OLTC_agn_02mok_main на наличие файлов.
Ошибка: open C:\FTP\FTPForTickets\OLTC_agn_02mok_main: no such file or directory
2024/10/16 12:52:57 Ошибка при сканирование папки: OLTC_agn_05msv_main на наличие файлов.
Ошибка: open C:\FTP\FTPForTickets\OLTC_agn_05msv_main: no such file or directory
2024/10/16 12:52:57 Ошибка при сканирование папки: OLTC_agn_u6173_main на наличие файлов.
Ошибка: open C:\FTP\FTPForTickets\OLTC_agn_u6173_main: no such file or directory
2024/10/16 12:52:57 Ошибка при сканирование папки: S7Smart на наличие файлов.
Ошибка: open C:\FTP\FTPForTickets\S7Smart: no such file or directory
2024/10/16 12:52:57 Ошибка при сканирование папки: Sabre на наличие файлов.
Ошибка: open C:\FTP\FTPForTickets\Sabre: no such file or directory
2024/10/16 12:52:57 Ошибка при сканирование папки: LocalUser\TTBooking на наличие файлов.
Ошибка: open C:\FTP\FTPForTickets\LocalUser\TTBooking: no such file or directory
2024/10/16 12:52:57 Ошибка при сканирование папки: VipServiceAmadeus на наличие файлов.
Ошибка: open C:\FTP\FTPForTickets\VipServiceAmadeus: no such file or directory
2024/10/16 12:52:57 Ошибка при сканирование папки: VipServicePortbilet на наличие файлов.
Ошибка: open C:\FTP\FTPForTickets\VipServicePortbilet: no such file or directory
2024/10/16 12:53:08 Ошибка при сканирование папки: Aerotur на наличие файлов.
Ошибка: open C:\FTP\FTPForTickets\Aerotur: no such file or directory
2024/10/16 12:53:08 Ошибка при сканирование папки: LocalUser\LinerAmadeus на наличие файлов.
Ошибка: open C:\FTP\FTPForTickets\LocalUser\LinerAmadeus: no such file or directory
2024/10/16 12:53:08 Ошибка при сканирование папки: LocalUser\LinerB2BB на наличие файлов.
Ошибка: open C:\FTP\FTPForTickets\LocalUser\LinerB2BB: no such file or directory
2024/10/16 12:53:08 Ошибка при сканирование папки: LocalUser\LinerSSOD на наличие файлов.
Ошибка: open C:\FTP\FTPForTickets\LocalUser\LinerSSOD: no such file or directory
2024/10/16 12:53:08 Ошибка при сканирование папки: LocalUser\MyAgent на наличие файлов.
Ошибка: open C:\FTP\FTPForTickets\LocalUser\MyAgent: no such file or directory
2024/10/16 12:53:08 Ошибка при сканирование папки: OLTC_02aka_ppr02 на наличие файлов.
Ошибка: open C:\FTP\FTPForTickets\OLTC_02aka_ppr02: no such file or directory
2024/10/16 12:53:08 Ошибка при сканирование папки: OLTC_02aka_ppr05 на наличие файлов.
Ошибка: open C:\FTP\FTPForTickets\OLTC_02aka_ppr05: no such file or directory
2024/10/16 12:53:08 Ошибка при сканирование папки: OLTC_27moa_ppr34 на наличие файлов.
Ошибка: open C:\FTP\FTPForTickets\OLTC_27moa_ppr34: no such file or directory
2024/10/16 12:53:08 Ошибка при сканирование папки: OLTC_52msa_ppr01 на наличие файлов.
Ошибка: open C:\FTP\FTPForTickets\OLTC_52msa_ppr01: no such file or directory
2024/10/16 12:53:08 Ошибка при сканирование папки: OLTC_71mos_ppr25 на наличие файлов.
Ошибка: open C:\FTP\FTPForTickets\OLTC_71mos_ppr25: no such file or directory
2024/10/16 12:53:08 Ошибка при сканирование папки: OLTC_87mov_ppr05 на наличие файлов.
Ошибка: open C:\FTP\FTPForTickets\OLTC_87mov_ppr05: no such file or directory
2024/10/16 12:53:08 Ошибка при сканирование папки: OLTC_agn_02mok_main на наличие файлов.
Ошибка: open C:\FTP\FTPForTickets\OLTC_agn_02mok_main: no such file or directory
2024/10/16 12:53:08 Ошибка при сканирование папки: OLTC_agn_05msv_main на наличие файлов.
Ошибка: open C:\FTP\FTPForTickets\OLTC_agn_05msv_main: no such file or directory
2024/10/16 12:53:08 Ошибка при сканирование папки: OLTC_agn_u6173_main на наличие файлов.
Ошибка: open C:\FTP\FTPForTickets\OLTC_agn_u6173_main: no such file or directory
2024/10/16 12:53:08 Ошибка при сканирование папки: S7Smart на наличие файлов.
Ошибка: open C:\FTP\FTPForTickets\S7Smart: no such file or directory
2024/10/16 12:53:08 Ошибка при сканирование папки: Sabre на наличие файлов.
Ошибка: open C:\FTP\FTPForTickets\Sabre: no such file or directory
2024/10/16 12:53:08 Ошибка при сканирование папки: LocalUser\TTBooking на наличие файлов.
Ошибка: open C:\FTP\FTPForTickets\LocalUser\TTBooking: no such file or directory
2024/10/16 12:53:08 Ошибка при сканирование папки: VipServiceAmadeus на наличие файлов.
Ошибка: open C:\FTP\FTPForTickets\VipServiceAmadeus: no such file or directory
2024/10/16 12:53:08 Ошибка при сканирование папки: VipServicePortbilet на наличие файлов.
Ошибка: open C:\FTP\FTPForTickets\VipServicePortbilet: no such file or directory
2024/10/16 12:53:23 Ошибка при сканирование папки: Aerotur на наличие файлов.
Ошибка: open C:\FTP\FTPForTickets\Aerotur: no such file or directory
2024/10/16 12:53:23 Ошибка при сканирование папки: LocalUser\LinerAmadeus на наличие файлов.
Ошибка: open C:\FTP\FTPForTickets\LocalUser\LinerAmadeus: no such file or directory
2024/10/16 12:53:23 Ошибка при сканирование папки: LocalUser\LinerB2BB на наличие файлов.
Ошибка: open C:\FTP\FTPForTickets\LocalUser\LinerB2BB: no such file or directory
2024/10/16 12:53:23 Ошибка при сканирование папки: LocalUser\LinerSSOD на наличие файлов.
Ошибка: open C:\FTP\FTPForTickets\LocalUser\LinerSSOD: no such file or directory
2024/10/16 12:53:23 Ошибка при сканирование папки: LocalUser\MyAgent на наличие файлов.
Ошибка: open C:\FTP\FTPForTickets\LocalUser\MyAgent: no such file or directory
2024/10/16 12:53:23 Ошибка при сканирование папки: OLTC_02aka_ppr02 на наличие файлов.
Ошибка: open C:\FTP\FTPForTickets\OLTC_02aka_ppr02: no such file or directory
2024/10/16 12:53:23 Ошибка при сканирование папки: OLTC_02aka_ppr05 на наличие файлов.
Ошибка: open C:\FTP\FTPForTickets\OLTC_02aka_ppr05: no such file or directory
2024/10/16 12:53:23 Ошибка при сканирование папки: OLTC_27moa_ppr34 на наличие файлов.
Ошибка: open C:\FTP\FTPForTickets\OLTC_27moa_ppr34: no such file or directory
2024/10/16 12:53:23 Ошибка при сканирование папки: OLTC_52msa_ppr01 на наличие файлов.
Ошибка: open C:\FTP\FTPForTickets\OLTC_52msa_ppr01: no such file or directory
2024/10/16 12:53:23 Ошибка при сканирование папки: OLTC_71mos_ppr25 на наличие файлов.
Ошибка: open C:\FTP\FTPForTickets\OLTC_71mos_ppr25: no such file or directory
2024/10/16 12:53:23 Ошибка при сканирование папки: OLTC_87mov_ppr05 на наличие файлов.
Ошибка: open C:\FTP\FTPForTickets\OLTC_87mov_ppr05: no such file or directory
2024/10/16 12:53:23 Ошибка при сканирование папки: OLTC_agn_02mok_main на наличие файлов.
Ошибка: open C:\FTP\FTPForTickets\OLTC_agn_02mok_main: no such file or directory
2024/10/16 12:53:23 Ошибка при сканирование папки: OLTC_agn_05msv_main на наличие файлов.
Ошибка: open C:\FTP\FTPForTickets\OLTC_agn_05msv_main: no such file or directory
2024/10/16 12:53:23 Ошибка при сканирование папки: OLTC_agn_u6173_main на наличие файлов.
Ошибка: open C:\FTP\FTPForTickets\OLTC_agn_u6173_main: no such file or directory
2024/10/16 12:53:23 Ошибка при сканирование папки: S7Smart на наличие файлов.
Ошибка: open C:\FTP\FTPForTickets\S7Smart: no such file or directory
2024/10/16 12:53:23 Ошибка при сканирование папки: Sabre на наличие файлов.
Ошибка: open C:\FTP\FTPForTickets\Sabre: no such file or directory
2024/10/16 12:53:23 Ошибка при сканирование папки: LocalUser\TTBooking на наличие файлов.
Ошибка: open C:\FTP\FTPForTickets\LocalUser\TTBooking: no such file or directory
2024/10/16 12:53:23 Ошибка при сканирование папки: VipServiceAmadeus на наличие файлов.
Ошибка: open C:\FTP\FTPForTickets\VipServiceAmadeus: no such file or directory
2024/10/16 12:53:23 Ошибка при сканирование папки: VipServicePortbilet на наличие файлов.
Ошибка: open C:\FTP\FTPForTickets\VipServicePortbilet: no such file or directory
2024/10/16 12:53:35 Ошибка при сканирование папки: Aerotur на наличие файлов.
Ошибка: open C:\FTP\FTPForTickets\Aerotur: no such file or directory
2024/10/16 12:53:35 Ошибка при сканирование папки: LocalUser\LinerAmadeus на наличие файлов.
Ошибка: open C:\FTP\FTPForTickets\LocalUser\LinerAmadeus: no such file or directory
2024/10/16 12:53:35 Ошибка при сканирование папки: LocalUser\LinerB2BB на наличие файлов.
Ошибка: open C:\FTP\FTPForTickets\LocalUser\LinerB2BB: no such file or directory
2024/10/16 12:53:35 Ошибка при сканирование папки: LocalUser\LinerSSOD на наличие файлов.
Ошибка: open C:\FTP\FTPForTickets\LocalUser\LinerSSOD: no such file or directory
2024/10/16 12:53:35 Ошибка при сканирование папки: LocalUser\MyAgent на наличие файлов.
Ошибка: open C:\FTP\FTPForTickets\LocalUser\MyAgent: no such file or directory
2024/10/16 12:53:35 Ошибка при сканирование папки: OLTC_02aka_ppr02 на наличие файлов.
Ошибка: open C:\FTP\FTPForTickets\OLTC_02aka_ppr02: no such file or directory
2024/10/16 12:53:35 Ошибка при сканирование папки: OLTC_02aka_ppr05 на наличие файлов.
Ошибка: open C:\FTP\FTPForTickets\OLTC_02aka_ppr05: no such file or directory
2024/10/16 12:53:35 Ошибка при сканирование папки: OLTC_27moa_ppr34 на наличие файлов.
Ошибка: open C:\FTP\FTPForTickets\OLTC_27moa_ppr34: no such file or directory
2024/10/16 12:53:35 Ошибка при сканирование папки: OLTC_52msa_ppr01 на наличие файлов.
Ошибка: open C:\FTP\FTPForTickets\OLTC_52msa_ppr01: no such file or directory
2024/10/16 12:53:35 Ошибка при сканирование папки: OLTC_71mos_ppr25 на наличие файлов.
Ошибка: open C:\FTP\FTPForTickets\OLTC_71mos_ppr25: no such file or directory
2024/10/16 12:53:35 Ошибка при сканирование папки: OLTC_87mov_ppr05 на наличие файлов.
Ошибка: open C:\FTP\FTPForTickets\OLTC_87mov_ppr05: no such file or directory
2024/10/16 12:53:35 Ошибка при сканирование папки: OLTC_agn_02mok_main на наличие файлов.
Ошибка: open C:\FTP\FTPForTickets\OLTC_agn_02mok_main: no such file or directory
2024/10/16 12:53:35 Ошибка при сканирование папки: OLTC_agn_05msv_main на наличие файлов.
Ошибка: open C:\FTP\FTPForTickets\OLTC_agn_05msv_main: no such file or directory
2024/10/16 12:53:35 Ошибка при сканирование папки: OLTC_agn_u6173_main на наличие файлов.
Ошибка: open C:\FTP\FTPForTickets\OLTC_agn_u6173_main: no such file or directory
2024/10/16 12:53:35 Ошибка при сканирование папки: S7Smart на наличие файлов.
Ошибка: open C:\FTP\FTPForTickets\S7Smart: no such file or directory
2024/10/16 12:53:35 Ошибка при сканирование папки: Sabre на наличие файлов.
Ошибка: open C:\FTP\FTPForTickets\Sabre: no such file or directory
2024/10/16 12:53:35 Ошибка при сканирование папки: LocalUser\TTBooking на наличие файлов.
Ошибка: open C:\FTP\FTPForTickets\LocalUser\TTBooking: no such file or directory
2024/10/16 12:53:35 Ошибка при сканирование папки: VipServiceAmadeus на наличие файлов.
Ошибка: open C:\FTP\FTPForTickets\VipServiceAmadeus: no such file or directory
2024/10/16 12:53:35 Ошибка при сканирование папки: VipServicePortbilet на наличие файлов.
Ошибка: open C:\FTP\FTPForTickets\VipServicePortbilet: no such file or directory
2024/10/16 12:53:46 Ошибка при сканирование папки: Aerotur на наличие файлов.
Ошибка: open C:\FTP\FTPForTickets\Aerotur: no such file or directory
2024/10/16 12:53:46 Ошибка при сканирование папки: LocalUser\LinerAmadeus на наличие файлов.
Ошибка: open C:\FTP\FTPForTickets\LocalUser\LinerAmadeus: no such file or directory
2024/10/16 12:53:46 Ошибка при сканирование папки: LocalUser\LinerB2BB на наличие файлов.
Ошибка: open C:\FTP\FTPForTickets\LocalUser\LinerB2BB: no such file or directory
2024/10/16 12:53:46 Ошибка при сканирование папки: LocalUser\LinerSSOD на наличие файлов.
Ошибка: open C:\FTP\FTPForTickets\LocalUser\LinerSSOD: no such file or directory
2024/10/16 12:53:46 Ошибка при сканирование папки: LocalUser\MyAgent на наличие файлов.
Ошибка: open C:\FTP\FTPForTickets\LocalUser\MyAgent: no such file or directory
2024/10/16 12:53:46 Ошибка при сканирование папки: OLTC_02aka_ppr02 на наличие файлов.
Ошибка: open C:\FTP\FTPForTickets\OLTC_02aka_ppr02: no such file or directory
2024/10/16 12:53:46 Ошибка при сканирование папки: OLTC_02aka_ppr05 на наличие файлов.
Ошибка: open C:\FTP\FTPForTickets\OLTC_02aka_ppr05: no such file or directory
2024/10/16 12:53:46 Ошибка при сканирование папки: OLTC_27moa_ppr34 на наличие файлов.
Ошибка: open C:\FTP\FTPForTickets\OLTC_27moa_ppr34: no such file or directory
2024/10/16 12:53:46 Ошибка при сканирование папки: OLTC_52msa_ppr01 на наличие файлов.
Ошибка: open C:\FTP\FTPForTickets\OLTC_52msa_ppr01: no such file or directory
2024/10/16 12:53:46 Ошибка при сканирование папки: OLTC_71mos_ppr25 на наличие файлов.
Ошибка: open C:\FTP\FTPForTickets\OLTC_71mos_ppr25: no such file or directory
2024/10/16 12:53:46 Ошибка при сканирование папки: OLTC_87mov_ppr05 на наличие файлов.
Ошибка: open C:\FTP\FTPForTickets\OLTC_87mov_ppr05: no such file or directory
2024/10/16 12:53:46 Ошибка при сканирование папки: OLTC_agn_02mok_main на наличие файлов.
Ошибка: open C:\FTP\FTPForTickets\OLTC_agn_02mok_main: no such file or directory
2024/10/16 12:53:46 Ошибка при сканирование папки: OLTC_agn_05msv_main на наличие файлов.
Ошибка: open C:\FTP\FTPForTickets\OLTC_agn_05msv_main: no such file or directory
2024/10/16 12:53:46 Ошибка при сканирование папки: OLTC_agn_u6173_main на наличие файлов.
Ошибка: open C:\FTP\FTPForTickets\OLTC_agn_u6173_main: no such file or directory
2024/10/16 12:53:46 Ошибка при сканирование папки: S7Smart на наличие файлов.
Ошибка: open C:\FTP\FTPForTickets\S7Smart: no such file or directory
2024/10/16 12:53:46 Ошибка при сканирование папки: Sabre на наличие файлов.
Ошибка: open C:\FTP\FTPForTickets\Sabre: no such file or directory
2024/10/16 12:53:46 Ошибка при сканирование папки: LocalUser\TTBooking на наличие файлов.
Ошибка: open C:\FTP\FTPForTickets\LocalUser\TTBooking: no such file or directory
2024/10/16 12:53:46 Ошибка при сканирование папки: VipServiceAmadeus на наличие файлов.
Ошибка: open C:\FTP\FTPForTickets\VipServiceAmadeus: no such file or directory
2024/10/16 12:53:46 Ошибка при сканирование папки: VipServicePortbilet на наличие файлов.
Ошибка: open C:\FTP\FTPForTickets\VipServicePortbilet: no such file or directory
2024/10/16 12:53:58 Ошибка при сканирование папки: Aerotur на наличие файлов.
Ошибка: open C:\FTP\FTPForTickets\Aerotur: no such file or directory
2024/10/16 12:53:58 Ошибка при сканирование папки: LocalUser\LinerAmadeus на наличие файлов.
Ошибка: open C:\FTP\FTPForTickets\LocalUser\LinerAmadeus: no such file or directory
2024/10/16 12:53:58 Ошибка при сканирование папки: LocalUser\LinerB2BB на наличие файлов.
Ошибка: open C:\FTP\FTPForTickets\LocalUser\LinerB2BB: no such file or directory
2024/10/16 12:53:58 Ошибка при сканирование папки: LocalUser\LinerSSOD на наличие файлов.
Ошибка: open C:\FTP\FTPForTickets\LocalUser\LinerSSOD: no such file or directory
2024/10/16 12:53:58 Ошибка при сканирование папки: LocalUser\MyAgent на наличие файлов.
Ошибка: open C:\FTP\FTPForTickets\LocalUser\MyAgent: no such file or directory
2024/10/16 12:53:58 Ошибка при сканирование папки: OLTC_02aka_ppr02 на наличие файлов.
Ошибка: open C:\FTP\FTPForTickets\OLTC_02aka_ppr02: no such file or directory
2024/10/16 12:53:58 Ошибка при сканирование папки: OLTC_02aka_ppr05 на наличие файлов.
Ошибка: open C:\FTP\FTPForTickets\OLTC_02aka_ppr05: no such file or directory
2024/10/16 12:53:58 Ошибка при сканирование папки: OLTC_27moa_ppr34 на наличие файлов.
Ошибка: open C:\FTP\FTPForTickets\OLTC_27moa_ppr34: no such file or directory
2024/10/16 12:53:58 Ошибка при сканирование папки: OLTC_52msa_ppr01 на наличие файлов.
Ошибка: open C:\FTP\FTPForTickets\OLTC_52msa_ppr01: no such file or directory
2024/10/16 12:53:58 Ошибка при сканирование папки: OLTC_71mos_ppr25 на наличие файлов.
Ошибка: open C:\FTP\FTPForTickets\OLTC_71mos_ppr25: no such file or directory
2024/10/16 12:53:58 Ошибка при сканирование папки: OLTC_87mov_ppr05 на наличие файлов.
Ошибка: open C:\FTP\FTPForTickets\OLTC_87mov_ppr05: no such file or directory
2024/10/16 12:53:58 Ошибка при сканирование папки: OLTC_agn_02mok_main на наличие файлов.
Ошибка: open C:\FTP\FTPForTickets\OLTC_agn_02mok_main: no such file or directory
2024/10/16 12:53:58 Ошибка при сканирование папки: OLTC_agn_05msv_main на наличие файлов.
Ошибка: open C:\FTP\FTPForTickets\OLTC_agn_05msv_main: no such file or directory
2024/10/16 12:53:58 Ошибка при сканирование папки: OLTC_agn_u6173_main на наличие файлов.
Ошибка: open C:\FTP\FTPForTickets\OLTC_agn_u6173_main: no such file or directory
2024/10/16 12:53:58 Ошибка при сканирование папки: S7Smart на наличие файлов.
Ошибка: open C:\FTP\FTPForTickets\S7Smart: no such file or directory
2024/10/16 12:53:58 Ошибка при сканирование папки: Sabre на наличие файлов.
Ошибка: open C:\FTP\FTPForTickets\Sabre: no such file or directory
2024/10/16 12:53:58 Ошибка при сканирование папки: LocalUser\TTBooking на наличие файлов.
Ошибка: open C:\FTP\FTPForTickets\LocalUser\TTBooking: no such file or directory
2024/10/16 12:53:58 Ошибка при сканирование папки: VipServiceAmadeus на наличие файлов.
Ошибка: open C:\FTP\FTPForTickets\VipServiceAmadeus: no such file or directory
2024/10/16 12:53:58 Ошибка при сканирование папки: VipServicePortbilet на наличие файлов.
Ошибка: open C:\FTP\FTPForTickets\VipServicePortbilet: no such file or directory
2024/10/16 12:54:09 Ошибка при сканирование папки: Aerotur на наличие файлов.
Ошибка: open C:\FTP\FTPForTickets\Aerotur: no such file or directory
2024/10/16 12:54:09 Ошибка при сканирование папки: LocalUser\LinerAmadeus на наличие файлов.
Ошибка: open C:\FTP\FTPForTickets\LocalUser\LinerAmadeus: no such file or directory
2024/10/16 12:54:09 Ошибка при сканирование папки: LocalUser\LinerB2BB на наличие файлов.
Ошибка: open C:\FTP\FTPForTickets\LocalUser\LinerB2BB: no such file or directory
2024/10/16 12:54:09 Ошибка при сканирование папки: LocalUser\LinerSSOD на наличие файлов.
Ошибка: open C:\FTP\FTPForTickets\LocalUser\LinerSSOD: no such file or directory
2024/10/16 12:54:09 Ошибка при сканирование папки: LocalUser\MyAgent на наличие файлов.
Ошибка: open C:\FTP\FTPForTickets\LocalUser\MyAgent: no such file or directory
2024/10/16 12:54:09 Ошибка при сканирование папки: OLTC_02aka_ppr02 на наличие файлов.
Ошибка: open C:\FTP\FTPForTickets\OLTC_02aka_ppr02: no such file or directory
2024/10/16 12:54:09 Ошибка при сканирование папки: OLTC_02aka_ppr05 на наличие файлов.
Ошибка: open C:\FTP\FTPForTickets\OLTC_02aka_ppr05: no such file or directory
2024/10/16 12:54:09 Ошибка при сканирование папки: OLTC_27moa_ppr34 на наличие файлов.
Ошибка: open C:\FTP\FTPForTickets\OLTC_27moa_ppr34: no such file or directory
2024/10/16 12:54:09 Ошибка при сканирование папки: OLTC_52msa_ppr01 на наличие файлов.
Ошибка: open C:\FTP\FTPForTickets\OLTC_52msa_ppr01: no such file or directory
2024/10/16 12:54:09 Ошибка при сканирование папки: OLTC_71mos_ppr25 на наличие файлов.
Ошибка: open C:\FTP\FTPForTickets\OLTC_71mos_ppr25: no such file or directory
2024/10/16 12:54:09 Ошибка при сканирование папки: OLTC_87mov_ppr05 на наличие файлов.
Ошибка: open C:\FTP\FTPForTickets\OLTC_87mov_ppr05: no such file or directory
2024/10/16 12:54:09 Ошибка при сканирование папки: OLTC_agn_02mok_main на наличие файлов.
Ошибка: open C:\FTP\FTPForTickets\OLTC_agn_02mok_main: no such file or directory
2024/10/16 12:54:09 Ошибка при сканирование папки: OLTC_agn_05msv_main на наличие файлов.
Ошибка: open C:\FTP\FTPForTickets\OLTC_agn_05msv_main: no such file or directory
2024/10/16 12:54:09 Ошибка при сканирование папки: OLTC_agn_u6173_main на наличие файлов.
Ошибка: open C:\FTP\FTPForTickets\OLTC_agn_u6173_main: no such file or directory
2024/10/16 12:54:09 Ошибка при сканирование папки: S7Smart на наличие файлов.
Ошибка: open C:\FTP\FTPForTickets\S7Smart: no such file or directory
2024/10/16 12:54:09 Ошибка при сканирование папки: Sabre на наличие файлов.
Ошибка: open C:\FTP\FTPForTickets\Sabre: no such file or directory
2024/10/16 12:54:09 Ошибка при сканирование папки: LocalUser\TTBooking на наличие файлов.
Ошибка: open C:\FTP\FTPForTickets\LocalUser\TTBooking: no such file or directory
2024/10/16 12:54:09 Ошибка при сканирование папки: VipServiceAmadeus на наличие файлов.
Ошибка: open C:\FTP\FTPForTickets\VipServiceAmadeus: no such file or directory
2024/10/16 12:54:09 Ошибка при сканирование папки: VipServicePortbilet на наличие файлов.
Ошибка: open C:\FTP\FTPForTickets\VipServicePortbilet: no such file or directory
2024/10/16 12:54:22 Ошибка при сканирование папки: Aerotur на наличие файлов.
Ошибка: open C:\FTP\FTPForTickets\Aerotur: no such file or directory
2024/10/16 12:54:22 Ошибка при сканирование папки: LocalUser\LinerAmadeus на наличие файлов.
Ошибка: open C:\FTP\FTPForTickets\LocalUser\LinerAmadeus: no such file or directory
2024/10/16 12:54:22 Ошибка при сканирование папки: LocalUser\LinerB2BB на наличие файлов.
Ошибка: open C:\FTP\FTPForTickets\LocalUser\LinerB2BB: no such file or directory
2024/10/16 12:54:22 Ошибка при сканирование папки: LocalUser\LinerSSOD на наличие файлов.
Ошибка: open C:\FTP\FTPForTickets\LocalUser\LinerSSOD: no such file or directory
2024/10/16 12:54:22 Ошибка при сканирование папки: LocalUser\MyAgent на наличие файлов.
Ошибка: open C:\FTP\FTPForTickets\LocalUser\MyAgent: no such file or directory
2024/10/16 12:54:22 Ошибка при сканирование папки: OLTC_02aka_ppr02 на наличие файлов.
Ошибка: open C:\FTP\FTPForTickets\OLTC_02aka_ppr02: no such file or directory
2024/10/16 12:54:22 Ошибка при сканирование папки: OLTC_02aka_ppr05 на наличие файлов.
Ошибка: open C:\FTP\FTPForTickets\OLTC_02aka_ppr05: no such file or directory
2024/10/16 12:54:22 Ошибка при сканирование папки: OLTC_27moa_ppr34 на наличие файлов.
Ошибка: open C:\FTP\FTPForTickets\OLTC_27moa_ppr34: no such file or directory
2024/10/16 12:54:22 Ошибка при сканирование папки: OLTC_52msa_ppr01 на наличие файлов.
Ошибка: open C:\FTP\FTPForTickets\OLTC_52msa_ppr01: no such file or directory
2024/10/16 12:54:22 Ошибка при сканирование папки: OLTC_71mos_ppr25 на наличие файлов.
Ошибка: open C:\FTP\FTPForTickets\OLTC_71mos_ppr25: no such file or directory
2024/10/16 12:54:22 Ошибка при сканирование папки: OLTC_87mov_ppr05 на наличие файлов.
Ошибка: open C:\FTP\FTPForTickets\OLTC_87mov_ppr05: no such file or directory
2024/10/16 12:54:22 Ошибка при сканирование папки: OLTC_agn_02mok_main на наличие файлов.
Ошибка: open C:\FTP\FTPForTickets\OLTC_agn_02mok_main: no such file or directory
2024/10/16 12:54:22 Ошибка при сканирование папки: OLTC_agn_05msv_main на наличие файлов.
Ошибка: open C:\FTP\FTPForTickets\OLTC_agn_05msv_main: no such file or directory
2024/10/16 12:54:22 Ошибка при сканирование папки: OLTC_agn_u6173_main на наличие файлов.
Ошибка: open C:\FTP\FTPForTickets\OLTC_agn_u6173_main: no such file or directory
2024/10/16 12:54:22 Ошибка при сканирование папки: S7Smart на наличие файлов.
Ошибка: open C:\FTP\FTPForTickets\S7Smart: no such file or directory
2024/10/16 12:54:22 Ошибка при сканирование папки: Sabre на наличие файлов.
Ошибка: open C:\FTP\FTPForTickets\Sabre: no such file or directory
2024/10/16 12:54:22 Ошибка при сканирование папки: LocalUser\TTBooking на наличие файлов.
Ошибка: open C:\FTP\FTPForTickets\LocalUser\TTBooking: no such file or directory
2024/10/16 12:54:22 Ошибка при сканирование папки: VipServiceAmadeus на наличие файлов.
Ошибка: open C:\FTP\FTPForTickets\VipServiceAmadeus: no such file or directory
2024/10/16 12:54:22 Ошибка при сканирование папки: VipServicePortbilet на наличие файлов.
Ошибка: open C:\FTP\FTPForTickets\VipServicePortbilet: no such file or directory
2024/10/16 12:54:33 Ошибка при сканирование папки: Aerotur на наличие файлов.
Ошибка: open C:\FTP\FTPForTickets\Aerotur: no such file or directory
2024/10/16 12:54:33 Ошибка при сканирование папки: LocalUser\LinerAmadeus на наличие файлов.
Ошибка: open C:\FTP\FTPForTickets\LocalUser\LinerAmadeus: no such file or directory
2024/10/16 12:54:33 Ошибка при сканирование папки: LocalUser\LinerB2BB на наличие файлов.
Ошибка: open C:\FTP\FTPForTickets\LocalUser\LinerB2BB: no such file or directory
2024/10/16 12:54:33 Ошибка при сканирование папки: LocalUser\LinerSSOD на наличие файлов.
Ошибка: open C:\FTP\FTPForTickets\LocalUser\LinerSSOD: no such file or directory
2024/10/16 12:54:33 Ошибка при сканирование папки: LocalUser\MyAgent на наличие файлов.
Ошибка: open C:\FTP\FTPForTickets\LocalUser\MyAgent: no such file or directory
2024/10/16 12:54:33 Ошибка при сканирование папки: OLTC_02aka_ppr02 на наличие файлов.
Ошибка: open C:\FTP\FTPForTickets\OLTC_02aka_ppr02: no such file or directory
2024/10/16 12:54:33 Ошибка при сканирование папки: OLTC_02aka_ppr05 на наличие файлов.
Ошибка: open C:\FTP\FTPForTickets\OLTC_02aka_ppr05: no such file or directory
2024/10/16 12:54:33 Ошибка при сканирование папки: OLTC_27moa_ppr34 на наличие файлов.
Ошибка: open C:\FTP\FTPForTickets\OLTC_27moa_ppr34: no such file or directory
2024/10/16 12:54:33 Ошибка при сканирование папки: OLTC_52msa_ppr01 на наличие файлов.
Ошибка: open C:\FTP\FTPForTickets\OLTC_52msa_ppr01: no such file or directory
2024/10/16 12:54:33 Ошибка при сканирование папки: OLTC_71mos_ppr25 на наличие файлов.
Ошибка: open C:\FTP\FTPForTickets\OLTC_71mos_ppr25: no such file or directory
2024/10/16 12:54:33 Ошибка при сканирование папки: OLTC_87mov_ppr05 на наличие файлов.
Ошибка: open C:\FTP\FTPForTickets\OLTC_87mov_ppr05: no such file or directory
2024/10/16 12:54:33 Ошибка при сканирование папки: OLTC_agn_02mok_main на наличие файлов.
Ошибка: open C:\FTP\FTPForTickets\OLTC_agn_02mok_main: no such file or directory
2024/10/16 12:54:33 Ошибка при сканирование папки: OLTC_agn_05msv_main на наличие файлов.
Ошибка: open C:\FTP\FTPForTickets\OLTC_agn_05msv_main: no such file or directory
2024/10/16 12:54:33 Ошибка при сканирование папки: OLTC_agn_u6173_main на наличие файлов.
Ошибка: open C:\FTP\FTPForTickets\OLTC_agn_u6173_main: no such file or directory
2024/10/16 12:54:33 Ошибка при сканирование папки: S7Smart на наличие файлов.
Ошибка: open C:\FTP\FTPForTickets\S7Smart: no such file or directory
2024/10/16 12:54:33 Ошибка при сканирование папки: Sabre на наличие файлов.
Ошибка: open C:\FTP\FTPForTickets\Sabre: no such file or directory
2024/10/16 12:54:33 Ошибка при сканирование папки: LocalUser\TTBooking на наличие файлов.
Ошибка: open C:\FTP\FTPForTickets\LocalUser\TTBooking: no such file or directory
2024/10/16 12:54:33 Ошибка при сканирование папки: VipServiceAmadeus на наличие файлов.
Ошибка: open C:\FTP\FTPForTickets\VipServiceAmadeus: no such file or directory
2024/10/16 12:54:33 Ошибка при сканирование папки: VipServicePortbilet на наличие файлов.
Ошибка: open C:\FTP\FTPForTickets\VipServicePortbilet: no such file or directory
2024/10/16 12:54:46 Ошибка при сканирование папки: Aerotur на наличие файлов.
Ошибка: open C:\FTP\FTPForTickets\Aerotur: no such file or directory
2024/10/16 12:54:46 Ошибка при сканирование папки: LocalUser\LinerAmadeus на наличие файлов.
Ошибка: open C:\FTP\FTPForTickets\LocalUser\LinerAmadeus: no such file or directory
2024/10/16 12:54:46 Ошибка при сканирование папки: LocalUser\LinerB2BB на наличие файлов.
Ошибка: open C:\FTP\FTPForTickets\LocalUser\LinerB2BB: no such file or directory
2024/10/16 12:54:46 Ошибка при сканирование папки: LocalUser\LinerSSOD на наличие файлов.
Ошибка: open C:\FTP\FTPForTickets\LocalUser\LinerSSOD: no such file or directory
2024/10/16 12:54:46 Ошибка при сканирование папки: LocalUser\MyAgent на наличие файлов.
Ошибка: open C:\FTP\FTPForTickets\LocalUser\MyAgent: no such file or directory
2024/10/16 12:54:46 Ошибка при сканирование папки: OLTC_02aka_ppr02 на наличие файлов.
Ошибка: open C:\FTP\FTPForTickets\OLTC_02aka_ppr02: no such file or directory
2024/10/16 12:54:46 Ошибка при сканирование папки: OLTC_02aka_ppr05 на наличие файлов.
Ошибка: open C:\FTP\FTPForTickets\OLTC_02aka_ppr05: no such file or directory
2024/10/16 12:54:46 Ошибка при сканирование папки: OLTC_27moa_ppr34 на наличие файлов.
Ошибка: open C:\FTP\FTPForTickets\OLTC_27moa_ppr34: no such file or directory
2024/10/16 12:54:46 Ошибка при сканирование папки: OLTC_52msa_ppr01 на наличие файлов.
Ошибка: open C:\FTP\FTPForTickets\OLTC_52msa_ppr01: no such file or directory
2024/10/16 12:54:46 Ошибка при сканирование папки: OLTC_71mos_ppr25 на наличие файлов.
Ошибка: open C:\FTP\FTPForTickets\OLTC_71mos_ppr25: no such file or directory
2024/10/16 12:54:46 Ошибка при сканирование папки: OLTC_87mov_ppr05 на наличие файлов.
Ошибка: open C:\FTP\FTPForTickets\OLTC_87mov_ppr05: no such file or directory
2024/10/16 12:54:46 Ошибка при сканирование папки: OLTC_agn_02mok_main на наличие файлов.
Ошибка: open C:\FTP\FTPForTickets\OLTC_agn_02mok_main: no such file or directory
2024/10/16 12:54:46 Ошибка при сканирование папки: OLTC_agn_05msv_main на наличие файлов.
Ошибка: open C:\FTP\FTPForTickets\OLTC_agn_05msv_main: no such file or directory
2024/10/16 12:54:46 Ошибка при сканирование папки: OLTC_agn_u6173_main на наличие файлов.
Ошибка: open C:\FTP\FTPForTickets\OLTC_agn_u6173_main: no such file or directory
2024/10/16 12:54:46 Ошибка при сканирование папки: S7Smart на наличие файлов.
Ошибка: open C:\FTP\FTPForTickets\S7Smart: no such file or directory
2024/10/16 12:54:46 Ошибка при сканирование папки: Sabre на наличие файлов.
Ошибка: open C:\FTP\FTPForTickets\Sabre: no such file or directory
2024/10/16 12:54:46 Ошибка при сканирование папки: LocalUser\TTBooking на наличие файлов.
Ошибка: open C:\FTP\FTPForTickets\LocalUser\TTBooking: no such file or directory
2024/10/16 12:54:46 Ошибка при сканирование папки: VipServiceAmadeus на наличие файлов.
Ошибка: open C:\FTP\FTPForTickets\VipServiceAmadeus: no such file or directory
2024/10/16 12:54:46 Ошибка при сканирование папки: VipServicePortbilet на наличие файлов.
Ошибка: open C:\FTP\FTPForTickets\VipServicePortbilet: no such file or directory
2024/10/16 12:54:58 Ошибка при сканирование папки: Aerotur на наличие файлов.
Ошибка: open C:\FTP\FTPForTickets\Aerotur: no such file or directory
2024/10/16 12:54:58 Ошибка при сканирование папки: LocalUser\LinerAmadeus на наличие файлов.
Ошибка: open C:\FTP\FTPForTickets\LocalUser\LinerAmadeus: no such file or directory
2024/10/16 12:54:58 Ошибка при сканирование папки: LocalUser\LinerB2BB на наличие файлов.
Ошибка: open C:\FTP\FTPForTickets\LocalUser\LinerB2BB: no such file or directory
2024/10/16 12:54:58 Ошибка при сканирование папки: LocalUser\LinerSSOD на наличие файлов.
Ошибка: open C:\FTP\FTPForTickets\LocalUser\LinerSSOD: no such file or directory
2024/10/16 12:54:58 Ошибка при сканирование папки: LocalUser\MyAgent на наличие файлов.
Ошибка: open C:\FTP\FTPForTickets\LocalUser\MyAgent: no such file or directory
2024/10/16 12:54:58 Ошибка при сканирование папки: OLTC_02aka_ppr02 на наличие файлов.
Ошибка: open C:\FTP\FTPForTickets\OLTC_02aka_ppr02: no such file or directory
2024/10/16 12:54:58 Ошибка при сканирование папки: OLTC_02aka_ppr05 на наличие файлов.
Ошибка: open C:\FTP\FTPForTickets\OLTC_02aka_ppr05: no such file or directory
2024/10/16 12:54:58 Ошибка при сканирование папки: OLTC_27moa_ppr34 на наличие файлов.
Ошибка: open C:\FTP\FTPForTickets\OLTC_27moa_ppr34: no such file or directory
2024/10/16 12:54:58 Ошибка при сканирование папки: OLTC_52msa_ppr01 на наличие файлов.
Ошибка: open C:\FTP\FTPForTickets\OLTC_52msa_ppr01: no such file or directory
2024/10/16 12:54:58 Ошибка при сканирование папки: OLTC_71mos_ppr25 на наличие файлов.
Ошибка: open C:\FTP\FTPForTickets\OLTC_71mos_ppr25: no such file or directory
2024/10/16 12:54:58 Ошибка при сканирование папки: OLTC_87mov_ppr05 на наличие файлов.
Ошибка: open C:\FTP\FTPForTickets\OLTC_87mov_ppr05: no such file or directory
2024/10/16 12:54:58 Ошибка при сканирование папки: OLTC_agn_02mok_main на наличие файлов.
Ошибка: open C:\FTP\FTPForTickets\OLTC_agn_02mok_main: no such file or directory
2024/10/16 12:54:58 Ошибка при сканирование папки: OLTC_agn_05msv_main на наличие файлов.
Ошибка: open C:\FTP\FTPForTickets\OLTC_agn_05msv_main: no such file or directory
2024/10/16 12:54:58 Ошибка при сканирование папки: OLTC_agn_u6173_main на наличие файлов.
Ошибка: open C:\FTP\FTPForTickets\OLTC_agn_u6173_main: no such file or directory
2024/10/16 12:54:58 Ошибка при сканирование папки: S7Smart на наличие файлов.
Ошибка: open C:\FTP\FTPForTickets\S7Smart: no such file or directory
2024/10/16 12:54:58 Ошибка при сканирование папки: Sabre на наличие файлов.
Ошибка: open C:\FTP\FTPForTickets\Sabre: no such file or directory
2024/10/16 12:54:58 Ошибка при сканирование папки: LocalUser\TTBooking на наличие файлов.
Ошибка: open C:\FTP\FTPForTickets\LocalUser\TTBooking: no such file or directory
2024/10/16 12:54:58 Ошибка при сканирование папки: VipServiceAmadeus на наличие файлов.
Ошибка: open C:\FTP\FTPForTickets\VipServiceAmadeus: no such file or directory
2024/10/16 12:54:58 Ошибка при сканирование папки: VipServicePortbilet на наличие файлов.
Ошибка: open C:\FTP\FTPForTickets\VipServicePortbilet: no such file or directory
2024/10/16 12:55:10 Ошибка при сканирование папки: Aerotur на наличие файлов.
Ошибка: open C:\FTP\FTPForTickets\Aerotur: no such file or directory
2024/10/16 12:55:10 Ошибка при сканирование папки: LocalUser\LinerAmadeus на наличие файлов.
Ошибка: open C:\FTP\FTPForTickets\LocalUser\LinerAmadeus: no such file or directory
2024/10/16 12:55:10 Ошибка при сканирование папки: LocalUser\LinerB2BB на наличие файлов.
Ошибка: open C:\FTP\FTPForTickets\LocalUser\LinerB2BB: no such file or directory
2024/10/16 12:55:10 Ошибка при сканирование папки: LocalUser\LinerSSOD на наличие файлов.
Ошибка: open C:\FTP\FTPForTickets\LocalUser\LinerSSOD: no such file or directory
2024/10/16 12:55:10 Ошибка при сканирование папки: LocalUser\MyAgent на наличие файлов.
Ошибка: open C:\FTP\FTPForTickets\LocalUser\MyAgent: no such file or directory
2024/10/16 12:55:10 Ошибка при сканирование папки: OLTC_02aka_ppr02 на наличие файлов.
Ошибка: open C:\FTP\FTPForTickets\OLTC_02aka_ppr02: no such file or directory
2024/10/16 12:55:10 Ошибка при сканирование папки: OLTC_02aka_ppr05 на наличие файлов.
Ошибка: open C:\FTP\FTPForTickets\OLTC_02aka_ppr05: no such file or directory
2024/10/16 12:55:10 Ошибка при сканирование папки: OLTC_27moa_ppr34 на наличие файлов.
Ошибка: open C:\FTP\FTPForTickets\OLTC_27moa_ppr34: no such file or directory
2024/10/16 12:55:10 Ошибка при сканирование папки: OLTC_52msa_ppr01 на наличие файлов.
Ошибка: open C:\FTP\FTPForTickets\OLTC_52msa_ppr01: no such file or directory
2024/10/16 12:55:10 Ошибка при сканирование папки: OLTC_71mos_ppr25 на наличие файлов.
Ошибка: open C:\FTP\FTPForTickets\OLTC_71mos_ppr25: no such file or directory
2024/10/16 12:55:10 Ошибка при сканирование папки: OLTC_87mov_ppr05 на наличие файлов.
Ошибка: open C:\FTP\FTPForTickets\OLTC_87mov_ppr05: no such file or directory
2024/10/16 12:55:10 Ошибка при сканирование папки: OLTC_agn_02mok_main на наличие файлов.
Ошибка: open C:\FTP\FTPForTickets\OLTC_agn_02mok_main: no such file or directory
2024/10/16 12:55:10 Ошибка при сканирование папки: OLTC_agn_05msv_main на наличие файлов.
Ошибка: open C:\FTP\FTPForTickets\OLTC_agn_05msv_main: no such file or directory
2024/10/16 12:55:10 Ошибка при сканирование папки: OLTC_agn_u6173_main на наличие файлов.
Ошибка: open C:\FTP\FTPForTickets\OLTC_agn_u6173_main: no such file or directory
2024/10/16 12:55:10 Ошибка при сканирование папки: S7Smart на наличие файлов.
Ошибка: open C:\FTP\FTPForTickets\S7Smart: no such file or directory
2024/10/16 12:55:10 Ошибка при сканирование папки: Sabre на наличие файлов.
Ошибка: open C:\FTP\FTPForTickets\Sabre: no such file or directory
2024/10/16 12:55:10 Ошибка при сканирование папки: LocalUser\TTBooking на наличие файлов.
Ошибка: open C:\FTP\FTPForTickets\LocalUser\TTBooking: no such file or directory
2024/10/16 12:55:10 Ошибка при сканирование папки: VipServiceAmadeus на наличие файлов.
Ошибка: open C:\FTP\FTPForTickets\VipServiceAmadeus: no such file or directory
2024/10/16 12:55:10 Ошибка при сканирование папки: VipServicePortbilet на наличие файлов.
Ошибка: open C:\FTP\FTPForTickets\VipServicePortbilet: no such file or directory
2024/10/16 12:55:21 Ошибка при сканирование папки: Aerotur на наличие файлов.
Ошибка: open C:\FTP\FTPForTickets\Aerotur: no such file or directory
2024/10/16 12:55:21 Ошибка при сканирование папки: LocalUser\LinerAmadeus на наличие файлов.
Ошибка: open C:\FTP\FTPForTickets\LocalUser\LinerAmadeus: no such file or directory
2024/10/16 12:55:21 Ошибка при сканирование папки: LocalUser\LinerB2BB на наличие файлов.
Ошибка: open C:\FTP\FTPForTickets\LocalUser\LinerB2BB: no such file or directory
2024/10/16 12:55:21 Ошибка при сканирование папки: LocalUser\LinerSSOD на наличие файлов.
Ошибка: open C:\FTP\FTPForTickets\LocalUser\LinerSSOD: no such file or directory
2024/10/16 12:55:21 Ошибка при сканирование папки: LocalUser\MyAgent на наличие файлов.
Ошибка: open C:\FTP\FTPForTickets\LocalUser\MyAgent: no such file or directory
2024/10/16 12:55:21 Ошибка при сканирование папки: OLTC_02aka_ppr02 на наличие файлов.
Ошибка: open C:\FTP\FTPForTickets\OLTC_02aka_ppr02: no such file or directory
2024/10/16 12:55:21 Ошибка при сканирование папки: OLTC_02aka_ppr05 на наличие файлов.
Ошибка: open C:\FTP\FTPForTickets\OLTC_02aka_ppr05: no such file or directory
2024/10/16 12:55:21 Ошибка при сканирование папки: OLTC_27moa_ppr34 на наличие файлов.
Ошибка: open C:\FTP\FTPForTickets\OLTC_27moa_ppr34: no such file or directory
2024/10/16 12:55:21 Ошибка при сканирование папки: OLTC_52msa_ppr01 на наличие файлов.
Ошибка: open C:\FTP\FTPForTickets\OLTC_52msa_ppr01: no such file or directory
2024/10/16 12:55:21 Ошибка при сканирование папки: OLTC_71mos_ppr25 на наличие файлов.
Ошибка: open C:\FTP\FTPForTickets\OLTC_71mos_ppr25: no such file or directory
2024/10/16 12:55:21 Ошибка при сканирование папки: OLTC_87mov_ppr05 на наличие файлов.
Ошибка: open C:\FTP\FTPForTickets\OLTC_87mov_ppr05: no such file or directory
2024/10/16 12:55:21 Ошибка при сканирование папки: OLTC_agn_02mok_main на наличие файлов.
Ошибка: open C:\FTP\FTPForTickets\OLTC_agn_02mok_main: no such file or directory
2024/10/16 12:55:21 Ошибка при сканирование папки: OLTC_agn_05msv_main на наличие файлов.
Ошибка: open C:\FTP\FTPForTickets\OLTC_agn_05msv_main: no such file or directory
2024/10/16 12:55:21 Ошибка при сканирование папки: OLTC_agn_u6173_main на наличие файлов.
Ошибка: open C:\FTP\FTPForTickets\OLTC_agn_u6173_main: no such file or directory
2024/10/16 12:55:21 Ошибка при сканирование папки: S7Smart на наличие файлов.
Ошибка: open C:\FTP\FTPForTickets\S7Smart: no such file or directory
2024/10/16 12:55:21 Ошибка при сканирование папки: Sabre на наличие файлов.
Ошибка: open C:\FTP\FTPForTickets\Sabre: no such file or directory
2024/10/16 12:55:21 Ошибка при сканирование папки: LocalUser\TTBooking на наличие файлов.
Ошибка: open C:\FTP\FTPForTickets\LocalUser\TTBooking: no such file or directory
2024/10/16 12:55:21 Ошибка при сканирование папки: VipServiceAmadeus на наличие файлов.
Ошибка: open C:\FTP\FTPForTickets\VipServiceAmadeus: no such file or directory
2024/10/16 12:55:21 Ошибка при сканирование папки: VipServicePortbilet на наличие файлов.
Ошибка: open C:\FTP\FTPForTickets\VipServicePortbilet: no such file or directory
2024/10/16 12:55:34 Ошибка при сканирование папки: Aerotur на наличие файлов.
Ошибка: open C:\FTP\FTPForTickets\Aerotur: no such file or directory
2024/10/16 12:55:34 Ошибка при сканирование папки: LocalUser\LinerAmadeus на наличие файлов.
Ошибка: open C:\FTP\FTPForTickets\LocalUser\LinerAmadeus: no such file or directory
2024/10/16 12:55:34 Ошибка при сканирование папки: LocalUser\LinerB2BB на наличие файлов.
Ошибка: open C:\FTP\FTPForTickets\LocalUser\LinerB2BB: no such file or directory
2024/10/16 12:55:34 Ошибка при сканирование папки: LocalUser\LinerSSOD на наличие файлов.
Ошибка: open C:\FTP\FTPForTickets\LocalUser\LinerSSOD: no such file or directory
2024/10/16 12:55:34 Ошибка при сканирование папки: LocalUser\MyAgent на наличие файлов.
Ошибка: open C:\FTP\FTPForTickets\LocalUser\MyAgent: no such file or directory
2024/10/16 12:55:34 Ошибка при сканирование папки: OLTC_02aka_ppr02 на наличие файлов.
Ошибка: open C:\FTP\FTPForTickets\OLTC_02aka_ppr02: no such file or directory
2024/10/16 12:55:34 Ошибка при сканирование папки: OLTC_02aka_ppr05 на наличие файлов.
Ошибка: open C:\FTP\FTPForTickets\OLTC_02aka_ppr05: no such file or directory
2024/10/16 12:55:34 Ошибка при сканирование папки: OLTC_27moa_ppr34 на наличие файлов.
Ошибка: open C:\FTP\FTPForTickets\OLTC_27moa_ppr34: no such file or directory
2024/10/16 12:55:34 Ошибка при сканирование папки: OLTC_52msa_ppr01 на наличие файлов.
Ошибка: open C:\FTP\FTPForTickets\OLTC_52msa_ppr01: no such file or directory
2024/10/16 12:55:34 Ошибка при сканирование папки: OLTC_71mos_ppr25 на наличие файлов.
Ошибка: open C:\FTP\FTPForTickets\OLTC_71mos_ppr25: no such file or directory
2024/10/16 12:55:34 Ошибка при сканирование папки: OLTC_87mov_ppr05 на наличие файлов.
Ошибка: open C:\FTP\FTPForTickets\OLTC_87mov_ppr05: no such file or directory
2024/10/16 12:55:34 Ошибка при сканирование папки: OLTC_agn_02mok_main на наличие файлов.
Ошибка: open C:\FTP\FTPForTickets\OLTC_agn_02mok_main: no such file or directory
2024/10/16 12:55:34 Ошибка при сканирование папки: OLTC_agn_05msv_main на наличие файлов.
Ошибка: open C:\FTP\FTPForTickets\OLTC_agn_05msv_main: no such file or directory
2024/10/16 12:55:34 Ошибка при сканирование папки: OLTC_agn_u6173_main на наличие файлов.
Ошибка: open C:\FTP\FTPForTickets\OLTC_agn_u6173_main: no such file or directory
2024/10/16 12:55:34 Ошибка при сканирование папки: S7Smart на наличие файлов.
Ошибка: open C:\FTP\FTPForTickets\S7Smart: no such file or directory
2024/10/16 12:55:34 Ошибка при сканирование папки: Sabre на наличие файлов.
Ошибка: open C:\FTP\FTPForTickets\Sabre: no such file or directory
2024/10/16 12:55:34 Ошибка при сканирование папки: LocalUser\TTBooking на наличие файлов.
Ошибка: open C:\FTP\FTPForTickets\LocalUser\TTBooking: no such file or directory
2024/10/16 12:55:34 Ошибка при сканирование папки: VipServiceAmadeus на наличие файлов.
Ошибка: open C:\FTP\FTPForTickets\VipServiceAmadeus: no such file or directory
2024/10/16 12:55:34 Ошибка при сканирование папки: VipServicePortbilet на наличие файлов.
Ошибка: open C:\FTP\FTPForTickets\VipServicePortbilet: no such file or directory
2024/10/16 12:55:45 Ошибка при сканирование папки: Aerotur на наличие файлов.
Ошибка: open C:\FTP\FTPForTickets\Aerotur: no such file or directory
2024/10/16 12:55:45 Ошибка при сканирование папки: LocalUser\LinerAmadeus на наличие файлов.
Ошибка: open C:\FTP\FTPForTickets\LocalUser\LinerAmadeus: no such file or directory
2024/10/16 12:55:45 Ошибка при сканирование папки: LocalUser\LinerB2BB на наличие файлов.
Ошибка: open C:\FTP\FTPForTickets\LocalUser\LinerB2BB: no such file or directory
2024/10/16 12:55:45 Ошибка при сканирование папки: LocalUser\LinerSSOD на наличие файлов.
Ошибка: open C:\FTP\FTPForTickets\LocalUser\LinerSSOD: no such file or directory
2024/10/16 12:55:45 Ошибка при сканирование папки: LocalUser\MyAgent на наличие файлов.
Ошибка: open C:\FTP\FTPForTickets\LocalUser\MyAgent: no such file or directory
2024/10/16 12:55:45 Ошибка при сканирование папки: OLTC_02aka_ppr02 на наличие файлов.
Ошибка: open C:\FTP\FTPForTickets\OLTC_02aka_ppr02: no such file or directory
2024/10/16 12:55:45 Ошибка при сканирование папки: OLTC_02aka_ppr05 на наличие файлов.
Ошибка: open C:\FTP\FTPForTickets\OLTC_02aka_ppr05: no such file or directory
2024/10/16 12:55:45 Ошибка при сканирование папки: OLTC_27moa_ppr34 на наличие файлов.
Ошибка: open C:\FTP\FTPForTickets\OLTC_27moa_ppr34: no such file or directory
2024/10/16 12:55:45 Ошибка при сканирование папки: OLTC_52msa_ppr01 на наличие файлов.
Ошибка: open C:\FTP\FTPForTickets\OLTC_52msa_ppr01: no such file or directory
2024/10/16 12:55:45 Ошибка при сканирование папки: OLTC_71mos_ppr25 на наличие файлов.
Ошибка: open C:\FTP\FTPForTickets\OLTC_71mos_ppr25: no such file or directory
2024/10/16 12:55:45 Ошибка при сканирование папки: OLTC_87mov_ppr05 на наличие файлов.
Ошибка: open C:\FTP\FTPForTickets\OLTC_87mov_ppr05: no such file or directory
2024/10/16 12:55:45 Ошибка при сканирование папки: OLTC_agn_02mok_main на наличие файлов.
Ошибка: open C:\FTP\FTPForTickets\OLTC_agn_02mok_main: no such file or directory
2024/10/16 12:55:45 Ошибка при сканирование папки: OLTC_agn_05msv_main на наличие файлов.
Ошибка: open C:\FTP\FTPForTickets\OLTC_agn_05msv_main: no such file or directory
2024/10/16 12:55:45 Ошибка при сканирование папки: OLTC_agn_u6173_main на наличие файлов.
Ошибка: open C:\FTP\FTPForTickets\OLTC_agn_u6173_main: no such file or directory
2024/10/16 12:55:45 Ошибка при сканирование папки: S7Smart на наличие файлов.
Ошибка: open C:\FTP\FTPForTickets\S7Smart: no such file or directory
2024/10/16 12:55:45 Ошибка при сканирование папки: Sabre на наличие файлов.
Ошибка: open C:\FTP\FTPForTickets\Sabre: no such file or directory
2024/10/16 12:55:45 Ошибка при сканирование папки: LocalUser\TTBooking на наличие файлов.
Ошибка: open C:\FTP\FTPForTickets\LocalUser\TTBooking: no such file or directory
2024/10/16 12:55:45 Ошибка при сканирование папки: VipServiceAmadeus на наличие файлов.
Ошибка: open C:\FTP\FTPForTickets\VipServiceAmadeus: no such file or directory
2024/10/16 12:55:45 Ошибка при сканирование папки: VipServicePortbilet на наличие файлов.
Ошибка: open C:\FTP\FTPForTickets\VipServicePortbilet: no such file or directory
2024/10/16 12:56:00 Ошибка при сканирование папки: Aerotur на наличие файлов.
Ошибка: open C:\FTP\FTPForTickets\Aerotur: no such file or directory
2024/10/16 12:56:00 Ошибка при сканирование папки: LocalUser\LinerAmadeus на наличие файлов.
Ошибка: open C:\FTP\FTPForTickets\LocalUser\LinerAmadeus: no such file or directory
2024/10/16 12:56:00 Ошибка при сканирование папки: LocalUser\LinerB2BB на наличие файлов.
Ошибка: open C:\FTP\FTPForTickets\LocalUser\LinerB2BB: no such file or directory
2024/10/16 12:56:00 Ошибка при сканирование папки: LocalUser\LinerSSOD на наличие файлов.
Ошибка: open C:\FTP\FTPForTickets\LocalUser\LinerSSOD: no such file or directory
2024/10/16 12:56:00 Ошибка при сканирование папки: LocalUser\MyAgent на наличие файлов.
Ошибка: open C:\FTP\FTPForTickets\LocalUser\MyAgent: no such file or directory
2024/10/16 12:56:00 Ошибка при сканирование папки: OLTC_02aka_ppr02 на наличие файлов.
Ошибка: open C:\FTP\FTPForTickets\OLTC_02aka_ppr02: no such file or directory
2024/10/16 12:56:00 Ошибка при сканирование папки: OLTC_02aka_ppr05 на наличие файлов.
Ошибка: open C:\FTP\FTPForTickets\OLTC_02aka_ppr05: no such file or directory
2024/10/16 12:56:00 Ошибка при сканирование папки: OLTC_27moa_ppr34 на наличие файлов.
Ошибка: open C:\FTP\FTPForTickets\OLTC_27moa_ppr34: no such file or directory
2024/10/16 12:56:00 Ошибка при сканирование папки: OLTC_52msa_ppr01 на наличие файлов.
Ошибка: open C:\FTP\FTPForTickets\OLTC_52msa_ppr01: no such file or directory
2024/10/16 12:56:00 Ошибка при сканирование папки: OLTC_71mos_ppr25 на наличие файлов.
Ошибка: open C:\FTP\FTPForTickets\OLTC_71mos_ppr25: no such file or directory
2024/10/16 12:56:00 Ошибка при сканирование папки: OLTC_87mov_ppr05 на наличие файлов.
Ошибка: open C:\FTP\FTPForTickets\OLTC_87mov_ppr05: no such file or directory
2024/10/16 12:56:00 Ошибка при сканирование папки: OLTC_agn_02mok_main на наличие файлов.
Ошибка: open C:\FTP\FTPForTickets\OLTC_agn_02mok_main: no such file or directory
2024/10/16 12:56:00 Ошибка при сканирование папки: OLTC_agn_05msv_main на наличие файлов.
Ошибка: open C:\FTP\FTPForTickets\OLTC_agn_05msv_main: no such file or directory
2024/10/16 12:56:00 Ошибка при сканирование папки: OLTC_agn_u6173_main на наличие файлов.
Ошибка: open C:\FTP\FTPForTickets\OLTC_agn_u6173_main: no such file or directory
2024/10/16 12:56:00 Ошибка при сканирование папки: S7Smart на наличие файлов.
Ошибка: open C:\FTP\FTPForTickets\S7Smart: no such file or directory
2024/10/16 12:56:00 Ошибка при сканирование папки: Sabre на наличие файлов.
Ошибка: open C:\FTP\FTPForTickets\Sabre: no such file or directory
2024/10/16 12:56:00 Ошибка при сканирование папки: LocalUser\TTBooking на наличие файлов.
Ошибка: open C:\FTP\FTPForTickets\LocalUser\TTBooking: no such file or directory
2024/10/16 12:56:00 Ошибка при сканирование папки: VipServiceAmadeus на наличие файлов.
Ошибка: open C:\FTP\FTPForTickets\VipServiceAmadeus: no such file or directory
2024/10/16 12:56:00 Ошибка при сканирование папки: VipServicePortbilet на наличие файлов.
Ошибка: open C:\FTP\FTPForTickets\VipServicePortbilet: no such file or directory
2024/10/16 12:56:13 Ошибка при сканирование папки: Aerotur на наличие файлов.
Ошибка: open C:\FTP\FTPForTickets\Aerotur: no such file or directory
2024/10/16 12:56:13 Ошибка при сканирование папки: LocalUser\LinerAmadeus на наличие файлов.
Ошибка: open C:\FTP\FTPForTickets\LocalUser\LinerAmadeus: no such file or directory
2024/10/16 12:56:13 Ошибка при сканирование папки: LocalUser\LinerB2BB на наличие файлов.
Ошибка: open C:\FTP\FTPForTickets\LocalUser\LinerB2BB: no such file or directory
2024/10/16 12:56:13 Ошибка при сканирование папки: LocalUser\LinerSSOD на наличие файлов.
Ошибка: open C:\FTP\FTPForTickets\LocalUser\LinerSSOD: no such file or directory
2024/10/16 12:56:13 Ошибка при сканирование папки: LocalUser\MyAgent на наличие файлов.
Ошибка: open C:\FTP\FTPForTickets\LocalUser\MyAgent: no such file or directory
2024/10/16 12:56:13 Ошибка при сканирование папки: OLTC_02aka_ppr02 на наличие файлов.
Ошибка: open C:\FTP\FTPForTickets\OLTC_02aka_ppr02: no such file or directory
2024/10/16 12:56:13 Ошибка при сканирование папки: OLTC_02aka_ppr05 на наличие файлов.
Ошибка: open C:\FTP\FTPForTickets\OLTC_02aka_ppr05: no such file or directory
2024/10/16 12:56:13 Ошибка при сканирование папки: OLTC_27moa_ppr34 на наличие файлов.
Ошибка: open C:\FTP\FTPForTickets\OLTC_27moa_ppr34: no such file or directory
2024/10/16 12:56:13 Ошибка при сканирование папки: OLTC_52msa_ppr01 на наличие файлов.
Ошибка: open C:\FTP\FTPForTickets\OLTC_52msa_ppr01: no such file or directory
2024/10/16 12:56:13 Ошибка при сканирование папки: OLTC_71mos_ppr25 на наличие файлов.
Ошибка: open C:\FTP\FTPForTickets\OLTC_71mos_ppr25: no such file or directory
2024/10/16 12:56:13 Ошибка при сканирование папки: OLTC_87mov_ppr05 на наличие файлов.
Ошибка: open C:\FTP\FTPForTickets\OLTC_87mov_ppr05: no such file or directory
2024/10/16 12:56:13 Ошибка при сканирование папки: OLTC_agn_02mok_main на наличие файлов.
Ошибка: open C:\FTP\FTPForTickets\OLTC_agn_02mok_main: no such file or directory
2024/10/16 12:56:13 Ошибка при сканирование папки: OLTC_agn_05msv_main на наличие файлов.
Ошибка: open C:\FTP\FTPForTickets\OLTC_agn_05msv_main: no such file or directory
2024/10/16 12:56:13 Ошибка при сканирование папки: OLTC_agn_u6173_main на наличие файлов.
Ошибка: open C:\FTP\FTPForTickets\OLTC_agn_u6173_main: no such file or directory
2024/10/16 12:56:13 Ошибка при сканирование папки: S7Smart на наличие файлов.
Ошибка: open C:\FTP\FTPForTickets\S7Smart: no such file or directory
2024/10/16 12:56:13 Ошибка при сканирование папки: Sabre на наличие файлов.
Ошибка: open C:\FTP\FTPForTickets\Sabre: no such file or directory
2024/10/16 12:56:13 Ошибка при сканирование папки: LocalUser\TTBooking на наличие файлов.
Ошибка: open C:\FTP\FTPForTickets\LocalUser\TTBooking: no such file or directory
2024/10/16 12:56:13 Ошибка при сканирование папки: VipServiceAmadeus на наличие файлов.
Ошибка: open C:\FTP\FTPForTickets\VipServiceAmadeus: no such file or directory
2024/10/16 12:56:13 Ошибка при сканирование папки: VipServicePortbilet на наличие файлов.
Ошибка: open C:\FTP\FTPForTickets\VipServicePortbilet: no such file or directory
2024/10/16 12:56:26 Ошибка при сканирование папки: Aerotur на наличие файлов.
Ошибка: open C:\FTP\FTPForTickets\Aerotur: no such file or directory
2024/10/16 12:56:26 Ошибка при сканирование папки: LocalUser\LinerAmadeus на наличие файлов.
Ошибка: open C:\FTP\FTPForTickets\LocalUser\LinerAmadeus: no such file or directory
2024/10/16 12:56:26 Ошибка при сканирование папки: LocalUser\LinerB2BB на наличие файлов.
Ошибка: open C:\FTP\FTPForTickets\LocalUser\LinerB2BB: no such file or directory
2024/10/16 12:56:26 Ошибка при сканирование папки: LocalUser\LinerSSOD на наличие файлов.
Ошибка: open C:\FTP\FTPForTickets\LocalUser\LinerSSOD: no such file or directory
2024/10/16 12:56:26 Ошибка при сканирование папки: LocalUser\MyAgent на наличие файлов.
Ошибка: open C:\FTP\FTPForTickets\LocalUser\MyAgent: no such file or directory
2024/10/16 12:56:26 Ошибка при сканирование папки: OLTC_02aka_ppr02 на наличие файлов.
Ошибка: open C:\FTP\FTPForTickets\OLTC_02aka_ppr02: no such file or directory
2024/10/16 12:56:26 Ошибка при сканирование папки: OLTC_02aka_ppr05 на наличие файлов.
Ошибка: open C:\FTP\FTPForTickets\OLTC_02aka_ppr05: no such file or directory
2024/10/16 12:56:26 Ошибка при сканирование папки: OLTC_27moa_ppr34 на наличие файлов.
Ошибка: open C:\FTP\FTPForTickets\OLTC_27moa_ppr34: no such file or directory
2024/10/16 12:56:26 Ошибка при сканирование папки: OLTC_52msa_ppr01 на наличие файлов.
Ошибка: open C:\FTP\FTPForTickets\OLTC_52msa_ppr01: no such file or directory
2024/10/16 12:56:26 Ошибка при сканирование папки: OLTC_71mos_ppr25 на наличие файлов.
Ошибка: open C:\FTP\FTPForTickets\OLTC_71mos_ppr25: no such file or directory
2024/10/16 12:56:26 Ошибка при сканирование папки: OLTC_87mov_ppr05 на наличие файлов.
Ошибка: open C:\FTP\FTPForTickets\OLTC_87mov_ppr05: no such file or directory
2024/10/16 12:56:26 Ошибка при сканирование папки: OLTC_agn_02mok_main на наличие файлов.
Ошибка: open C:\FTP\FTPForTickets\OLTC_agn_02mok_main: no such file or directory
2024/10/16 12:56:26 Ошибка при сканирование папки: OLTC_agn_05msv_main на наличие файлов.
Ошибка: open C:\FTP\FTPForTickets\OLTC_agn_05msv_main: no such file or directory
2024/10/16 12:56:26 Ошибка при сканирование папки: OLTC_agn_u6173_main на наличие файлов.
Ошибка: open C:\FTP\FTPForTickets\OLTC_agn_u6173_main: no such file or directory
2024/10/16 12:56:26 Ошибка при сканирование папки: S7Smart на наличие файлов.
Ошибка: open C:\FTP\FTPForTickets\S7Smart: no such file or directory
2024/10/16 12:56:26 Ошибка при сканирование папки: Sabre на наличие файлов.
Ошибка: open C:\FTP\FTPForTickets\Sabre: no such file or directory
2024/10/16 12:56:26 Ошибка при сканирование папки: LocalUser\TTBooking на наличие файлов.
Ошибка: open C:\FTP\FTPForTickets\LocalUser\TTBooking: no such file or directory
2024/10/16 12:56:26 Ошибка при сканирование папки: VipServiceAmadeus на наличие файлов.
Ошибка: open C:\FTP\FTPForTickets\VipServiceAmadeus: no such file or directory
2024/10/16 12:56:26 Ошибка при сканирование папки: VipServicePortbilet на наличие файлов.
Ошибка: open C:\FTP\FTPForTickets\VipServicePortbilet: no such file or directory
2024/10/16 12:56:38 Ошибка при сканирование папки: Aerotur на наличие файлов.
Ошибка: open C:\FTP\FTPForTickets\Aerotur: no such file or directory
2024/10/16 12:56:38 Ошибка при сканирование папки: LocalUser\LinerAmadeus на наличие файлов.
Ошибка: open C:\FTP\FTPForTickets\LocalUser\LinerAmadeus: no such file or directory
2024/10/16 12:56:38 Ошибка при сканирование папки: LocalUser\LinerB2BB на наличие файлов.
Ошибка: open C:\FTP\FTPForTickets\LocalUser\LinerB2BB: no such file or directory
2024/10/16 12:56:38 Ошибка при сканирование папки: LocalUser\LinerSSOD на наличие файлов.
Ошибка: open C:\FTP\FTPForTickets\LocalUser\LinerSSOD: no such file or directory
2024/10/16 12:56:38 Ошибка при сканирование папки: LocalUser\MyAgent на наличие файлов.
Ошибка: open C:\FTP\FTPForTickets\LocalUser\MyAgent: no such file or directory
2024/10/16 12:56:38 Ошибка при сканирование папки: OLTC_02aka_ppr02 на наличие файлов.
Ошибка: open C:\FTP\FTPForTickets\OLTC_02aka_ppr02: no such file or directory
2024/10/16 12:56:38 Ошибка при сканирование папки: OLTC_02aka_ppr05 на наличие файлов.
Ошибка: open C:\FTP\FTPForTickets\OLTC_02aka_ppr05: no such file or directory
2024/10/16 12:56:38 Ошибка при сканирование папки: OLTC_27moa_ppr34 на наличие файлов.
Ошибка: open C:\FTP\FTPForTickets\OLTC_27moa_ppr34: no such file or directory
2024/10/16 12:56:38 Ошибка при сканирование папки: OLTC_52msa_ppr01 на наличие файлов.
Ошибка: open C:\FTP\FTPForTickets\OLTC_52msa_ppr01: no such file or directory
2024/10/16 12:56:38 Ошибка при сканирование папки: OLTC_71mos_ppr25 на наличие файлов.
Ошибка: open C:\FTP\FTPForTickets\OLTC_71mos_ppr25: no such file or directory
2024/10/16 12:56:38 Ошибка при сканирование папки: OLTC_87mov_ppr05 на наличие файлов.
Ошибка: open C:\FTP\FTPForTickets\OLTC_87mov_ppr05: no such file or directory
2024/10/16 12:56:38 Ошибка при сканирование папки: OLTC_agn_02mok_main на наличие файлов.
Ошибка: open C:\FTP\FTPForTickets\OLTC_agn_02mok_main: no such file or directory
2024/10/16 12:56:38 Ошибка при сканирование папки: OLTC_agn_05msv_main на наличие файлов.
Ошибка: open C:\FTP\FTPForTickets\OLTC_agn_05msv_main: no such file or directory
2024/10/16 12:56:38 Ошибка при сканирование папки: OLTC_agn_u6173_main на наличие файлов.
Ошибка: open C:\FTP\FTPForTickets\OLTC_agn_u6173_main: no such file or directory
2024/10/16 12:56:38 Ошибка при сканирование папки: S7Smart на наличие файлов.
Ошибка: open C:\FTP\FTPForTickets\S7Smart: no such file or directory
2024/10/16 12:56:38 Ошибка при сканирование папки: Sabre на наличие файлов.
Ошибка: open C:\FTP\FTPForTickets\Sabre: no such file or directory
2024/10/16 12:56:38 Ошибка при сканирование папки: LocalUser\TTBooking на наличие файлов.
Ошибка: open C:\FTP\FTPForTickets\LocalUser\TTBooking: no such file or directory
2024/10/16 12:56:38 Ошибка при сканирование папки: VipServiceAmadeus на наличие файлов.
Ошибка: open C:\FTP\FTPForTickets\VipServiceAmadeus: no such file or directory
2024/10/16 12:56:38 Ошибка при сканирование папки: VipServicePortbilet на наличие файлов.
Ошибка: open C:\FTP\FTPForTickets\VipServicePortbilet: no such file or directory
2024/10/16 12:56:49 Ошибка при сканирование папки: Aerotur на наличие файлов.
Ошибка: open C:\FTP\FTPForTickets\Aerotur: no such file or directory
2024/10/16 12:56:49 Ошибка при сканирование папки: LocalUser\LinerAmadeus на наличие файлов.
Ошибка: open C:\FTP\FTPForTickets\LocalUser\LinerAmadeus: no such file or directory
2024/10/16 12:56:49 Ошибка при сканирование папки: LocalUser\LinerB2BB на наличие файлов.
Ошибка: open C:\FTP\FTPForTickets\LocalUser\LinerB2BB: no such file or directory
2024/10/16 12:56:49 Ошибка при сканирование папки: LocalUser\LinerSSOD на наличие файлов.
Ошибка: open C:\FTP\FTPForTickets\LocalUser\LinerSSOD: no such file or directory
2024/10/16 12:56:49 Ошибка при сканирование папки: LocalUser\MyAgent на наличие файлов.
Ошибка: open C:\FTP\FTPForTickets\LocalUser\MyAgent: no such file or directory
2024/10/16 12:56:49 Ошибка при сканирование папки: OLTC_02aka_ppr02 на наличие файлов.
Ошибка: open C:\FTP\FTPForTickets\OLTC_02aka_ppr02: no such file or directory
2024/10/16 12:56:49 Ошибка при сканирование папки: OLTC_02aka_ppr05 на наличие файлов.
Ошибка: open C:\FTP\FTPForTickets\OLTC_02aka_ppr05: no such file or directory
2024/10/16 12:56:49 Ошибка при сканирование папки: OLTC_27moa_ppr34 на наличие файлов.
Ошибка: open C:\FTP\FTPForTickets\OLTC_27moa_ppr34: no such file or directory
2024/10/16 12:56:49 Ошибка при сканирование папки: OLTC_52msa_ppr01 на наличие файлов.
Ошибка: open C:\FTP\FTPForTickets\OLTC_52msa_ppr01: no such file or directory
2024/10/16 12:56:49 Ошибка при сканирование папки: OLTC_71mos_ppr25 на наличие файлов.
Ошибка: open C:\FTP\FTPForTickets\OLTC_71mos_ppr25: no such file or directory
2024/10/16 12:56:49 Ошибка при сканирование папки: OLTC_87mov_ppr05 на наличие файлов.
Ошибка: open C:\FTP\FTPForTickets\OLTC_87mov_ppr05: no such file or directory
2024/10/16 12:56:49 Ошибка при сканирование папки: OLTC_agn_02mok_main на наличие файлов.
Ошибка: open C:\FTP\FTPForTickets\OLTC_agn_02mok_main: no such file or directory
2024/10/16 12:56:49 Ошибка при сканирование папки: OLTC_agn_05msv_main на наличие файлов.
Ошибка: open C:\FTP\FTPForTickets\OLTC_agn_05msv_main: no such file or directory
2024/10/16 12:56:49 Ошибка при сканирование папки: OLTC_agn_u6173_main на наличие файлов.
Ошибка: open C:\FTP\FTPForTickets\OLTC_agn_u6173_main: no such file or directory
2024/10/16 12:56:49 Ошибка при сканирование папки: S7Smart на наличие файлов.
Ошибка: open C:\FTP\FTPForTickets\S7Smart: no such file or directory
2024/10/16 12:56:49 Ошибка при сканирование папки: Sabre на наличие файлов.
Ошибка: open C:\FTP\FTPForTickets\Sabre: no such file or directory
2024/10/16 12:56:49 Ошибка при сканирование папки: LocalUser\TTBooking на наличие файлов.
Ошибка: open C:\FTP\FTPForTickets\LocalUser\TTBooking: no such file or directory
2024/10/16 12:56:49 Ошибка при сканирование папки: VipServiceAmadeus на наличие файлов.
Ошибка: open C:\FTP\FTPForTickets\VipServiceAmadeus: no such file or directory
2024/10/16 12:56:49 Ошибка при сканирование папки: VipServicePortbilet на наличие файлов.
Ошибка: open C:\FTP\FTPForTickets\VipServicePortbilet: no such file or directory
2024/10/16 12:57:02 Ошибка при сканирование папки: Aerotur на наличие файлов.
Ошибка: open C:\FTP\FTPForTickets\Aerotur: no such file or directory
2024/10/16 12:57:02 Ошибка при сканирование папки: LocalUser\LinerAmadeus на наличие файлов.
Ошибка: open C:\FTP\FTPForTickets\LocalUser\LinerAmadeus: no such file or directory
2024/10/16 12:57:02 Ошибка при сканирование папки: LocalUser\LinerB2BB на наличие файлов.
Ошибка: open C:\FTP\FTPForTickets\LocalUser\LinerB2BB: no such file or directory
2024/10/16 12:57:02 Ошибка при сканирование папки: LocalUser\LinerSSOD на наличие файлов.
Ошибка: open C:\FTP\FTPForTickets\LocalUser\LinerSSOD: no such file or directory
2024/10/16 12:57:02 Ошибка при сканирование папки: LocalUser\MyAgent на наличие файлов.
Ошибка: open C:\FTP\FTPForTickets\LocalUser\MyAgent: no such file or directory
2024/10/16 12:57:02 Ошибка при сканирование папки: OLTC_02aka_ppr02 на наличие файлов.
Ошибка: open C:\FTP\FTPForTickets\OLTC_02aka_ppr02: no such file or directory
2024/10/16 12:57:02 Ошибка при сканирование папки: OLTC_02aka_ppr05 на наличие файлов.
Ошибка: open C:\FTP\FTPForTickets\OLTC_02aka_ppr05: no such file or directory
2024/10/16 12:57:02 Ошибка при сканирование папки: OLTC_27moa_ppr34 на наличие файлов.
Ошибка: open C:\FTP\FTPForTickets\OLTC_27moa_ppr34: no such file or directory
2024/10/16 12:57:02 Ошибка при сканирование папки: OLTC_52msa_ppr01 на наличие файлов.
Ошибка: open C:\FTP\FTPForTickets\OLTC_52msa_ppr01: no such file or directory
2024/10/16 12:57:02 Ошибка при сканирование папки: OLTC_71mos_ppr25 на наличие файлов.
Ошибка: open C:\FTP\FTPForTickets\OLTC_71mos_ppr25: no such file or directory
2024/10/16 12:57:02 Ошибка при сканирование папки: OLTC_87mov_ppr05 на наличие файлов.
Ошибка: open C:\FTP\FTPForTickets\OLTC_87mov_ppr05: no such file or directory
2024/10/16 12:57:02 Ошибка при сканирование папки: OLTC_agn_02mok_main на наличие файлов.
Ошибка: open C:\FTP\FTPForTickets\OLTC_agn_02mok_main: no such file or directory
2024/10/16 12:57:02 Ошибка при сканирование папки: OLTC_agn_05msv_main на наличие файлов.
Ошибка: open C:\FTP\FTPForTickets\OLTC_agn_05msv_main: no such file or directory
2024/10/16 12:57:02 Ошибка при сканирование папки: OLTC_agn_u6173_main на наличие файлов.
Ошибка: open C:\FTP\FTPForTickets\OLTC_agn_u6173_main: no such file or directory
2024/10/16 12:57:02 Ошибка при сканирование папки: S7Smart на наличие файлов.
Ошибка: open C:\FTP\FTPForTickets\S7Smart: no such file or directory
2024/10/16 12:57:02 Ошибка при сканирование папки: Sabre на наличие файлов.
Ошибка: open C:\FTP\FTPForTickets\Sabre: no such file or directory
2024/10/16 12:57:02 Ошибка при сканирование папки: LocalUser\TTBooking на наличие файлов.
Ошибка: open C:\FTP\FTPForTickets\LocalUser\TTBooking: no such file or directory
2024/10/16 12:57:02 Ошибка при сканирование папки: VipServiceAmadeus на наличие файлов.
Ошибка: open C:\FTP\FTPForTickets\VipServiceAmadeus: no such file or directory
2024/10/16 12:57:02 Ошибка при сканирование папки: VipServicePortbilet на наличие файлов.
Ошибка: open C:\FTP\FTPForTickets\VipServicePortbilet: no such file or directory
2024/10/16 12:57:13 Ошибка при сканирование папки: Aerotur на наличие файлов.
Ошибка: open C:\FTP\FTPForTickets\Aerotur: no such file or directory
2024/10/16 12:57:13 Ошибка при сканирование папки: LocalUser\LinerAmadeus на наличие файлов.
Ошибка: open C:\FTP\FTPForTickets\LocalUser\LinerAmadeus: no such file or directory
2024/10/16 12:57:13 Ошибка при сканирование папки: LocalUser\LinerB2BB на наличие файлов.
Ошибка: open C:\FTP\FTPForTickets\LocalUser\LinerB2BB: no such file or directory
2024/10/16 12:57:13 Ошибка при сканирование папки: LocalUser\LinerSSOD на наличие файлов.
Ошибка: open C:\FTP\FTPForTickets\LocalUser\LinerSSOD: no such file or directory
2024/10/16 12:57:13 Ошибка при сканирование папки: LocalUser\MyAgent на наличие файлов.
Ошибка: open C:\FTP\FTPForTickets\LocalUser\MyAgent: no such file or directory
2024/10/16 12:57:13 Ошибка при сканирование папки: OLTC_02aka_ppr02 на наличие файлов.
Ошибка: open C:\FTP\FTPForTickets\OLTC_02aka_ppr02: no such file or directory
2024/10/16 12:57:13 Ошибка при сканирование папки: OLTC_02aka_ppr05 на наличие файлов.
Ошибка: open C:\FTP\FTPForTickets\OLTC_02aka_ppr05: no such file or directory
2024/10/16 12:57:13 Ошибка при сканирование папки: OLTC_27moa_ppr34 на наличие файлов.
Ошибка: open C:\FTP\FTPForTickets\OLTC_27moa_ppr34: no such file or directory
2024/10/16 12:57:13 Ошибка при сканирование папки: OLTC_52msa_ppr01 на наличие файлов.
Ошибка: open C:\FTP\FTPForTickets\OLTC_52msa_ppr01: no such file or directory
2024/10/16 12:57:13 Ошибка при сканирование папки: OLTC_71mos_ppr25 на наличие файлов.
Ошибка: open C:\FTP\FTPForTickets\OLTC_71mos_ppr25: no such file or directory
2024/10/16 12:57:13 Ошибка при сканирование папки: OLTC_87mov_ppr05 на наличие файлов.
Ошибка: open C:\FTP\FTPForTickets\OLTC_87mov_ppr05: no such file or directory
2024/10/16 12:57:13 Ошибка при сканирование папки: OLTC_agn_02mok_main на наличие файлов.
Ошибка: open C:\FTP\FTPForTickets\OLTC_agn_02mok_main: no such file or directory
2024/10/16 12:57:13 Ошибка при сканирование папки: OLTC_agn_05msv_main на наличие файлов.
Ошибка: open C:\FTP\FTPForTickets\OLTC_agn_05msv_main: no such file or directory
2024/10/16 12:57:13 Ошибка при сканирование папки: OLTC_agn_u6173_main на наличие файлов.
Ошибка: open C:\FTP\FTPForTickets\OLTC_agn_u6173_main: no such file or directory
2024/10/16 12:57:13 Ошибка при сканирование папки: S7Smart на наличие файлов.
Ошибка: open C:\FTP\FTPForTickets\S7Smart: no such file or directory
2024/10/16 12:57:13 Ошибка при сканирование папки: Sabre на наличие файлов.
Ошибка: open C:\FTP\FTPForTickets\Sabre: no such file or directory
2024/10/16 12:57:13 Ошибка при сканирование папки: LocalUser\TTBooking на наличие файлов.
Ошибка: open C:\FTP\FTPForTickets\LocalUser\TTBooking: no such file or directory
2024/10/16 12:57:13 Ошибка при сканирование папки: VipServiceAmadeus на наличие файлов.
Ошибка: open C:\FTP\FTPForTickets\VipServiceAmadeus: no such file or directory
2024/10/16 12:57:13 Ошибка при сканирование папки: VipServicePortbilet на наличие файлов.
Ошибка: open C:\FTP\FTPForTickets\VipServicePortbilet: no such file or directory
2024/10/16 12:57:25 Ошибка при сканирование папки: Aerotur на наличие файлов.
Ошибка: open C:\FTP\FTPForTickets\Aerotur: no such file or directory
2024/10/16 12:57:25 Ошибка при сканирование папки: LocalUser\LinerAmadeus на наличие файлов.
Ошибка: open C:\FTP\FTPForTickets\LocalUser\LinerAmadeus: no such file or directory
2024/10/16 12:57:25 Ошибка при сканирование папки: LocalUser\LinerB2BB на наличие файлов.
Ошибка: open C:\FTP\FTPForTickets\LocalUser\LinerB2BB: no such file or directory
2024/10/16 12:57:25 Ошибка при сканирование папки: LocalUser\LinerSSOD на наличие файлов.
Ошибка: open C:\FTP\FTPForTickets\LocalUser\LinerSSOD: no such file or directory
2024/10/16 12:57:25 Ошибка при сканирование папки: LocalUser\MyAgent на наличие файлов.
Ошибка: open C:\FTP\FTPForTickets\LocalUser\MyAgent: no such file or directory
2024/10/16 12:57:25 Ошибка при сканирование папки: OLTC_02aka_ppr02 на наличие файлов.
Ошибка: open C:\FTP\FTPForTickets\OLTC_02aka_ppr02: no such file or directory
2024/10/16 12:57:25 Ошибка при сканирование папки: OLTC_02aka_ppr05 на наличие файлов.
Ошибка: open C:\FTP\FTPForTickets\OLTC_02aka_ppr05: no such file or directory
2024/10/16 12:57:25 Ошибка при сканирование папки: OLTC_27moa_ppr34 на наличие файлов.
Ошибка: open C:\FTP\FTPForTickets\OLTC_27moa_ppr34: no such file or directory
2024/10/16 12:57:25 Ошибка при сканирование папки: OLTC_52msa_ppr01 на наличие файлов.
Ошибка: open C:\FTP\FTPForTickets\OLTC_52msa_ppr01: no such file or directory
2024/10/16 12:57:25 Ошибка при сканирование папки: OLTC_71mos_ppr25 на наличие файлов.
Ошибка: open C:\FTP\FTPForTickets\OLTC_71mos_ppr25: no such file or directory
2024/10/16 12:57:25 Ошибка при сканирование папки: OLTC_87mov_ppr05 на наличие файлов.
Ошибка: open C:\FTP\FTPForTickets\OLTC_87mov_ppr05: no such file or directory
2024/10/16 12:57:25 Ошибка при сканирование папки: OLTC_agn_02mok_main на наличие файлов.
Ошибка: open C:\FTP\FTPForTickets\OLTC_agn_02mok_main: no such file or directory
2024/10/16 12:57:25 Ошибка при сканирование папки: OLTC_agn_05msv_main на наличие файлов.
Ошибка: open C:\FTP\FTPForTickets\OLTC_agn_05msv_main: no such file or directory
2024/10/16 12:57:25 Ошибка при сканирование папки: OLTC_agn_u6173_main на наличие файлов.
Ошибка: open C:\FTP\FTPForTickets\OLTC_agn_u6173_main: no such file or directory
2024/10/16 12:57:25 Ошибка при сканирование папки: S7Smart на наличие файлов.
Ошибка: open C:\FTP\FTPForTickets\S7Smart: no such file or directory
2024/10/16 12:57:25 Ошибка при сканирование папки: Sabre на наличие файлов.
Ошибка: open C:\FTP\FTPForTickets\Sabre: no such file or directory
2024/10/16 12:57:25 Ошибка при сканирование папки: LocalUser\TTBooking на наличие файлов.
Ошибка: open C:\FTP\FTPForTickets\LocalUser\TTBooking: no such file or directory
2024/10/16 12:57:25 Ошибка при сканирование папки: VipServiceAmadeus на наличие файлов.
Ошибка: open C:\FTP\FTPForTickets\VipServiceAmadeus: no such file or directory
2024/10/16 12:57:25 Ошибка при сканирование папки: VipServicePortbilet на наличие файлов.
Ошибка: open C:\FTP\FTPForTickets\VipServicePortbilet: no such file or directory
2024/10/16 12:57:38 Ошибка при сканирование папки: Aerotur на наличие файлов.
Ошибка: open C:\FTP\FTPForTickets\Aerotur: no such file or directory
2024/10/16 12:57:38 Ошибка при сканирование папки: LocalUser\LinerAmadeus на наличие файлов.
Ошибка: open C:\FTP\FTPForTickets\LocalUser\LinerAmadeus: no such file or directory
2024/10/16 12:57:38 Ошибка при сканирование папки: LocalUser\LinerB2BB на наличие файлов.
Ошибка: open C:\FTP\FTPForTickets\LocalUser\LinerB2BB: no such file or directory
2024/10/16 12:57:38 Ошибка при сканирование папки: LocalUser\LinerSSOD на наличие файлов.
Ошибка: open C:\FTP\FTPForTickets\LocalUser\LinerSSOD: no such file or directory
2024/10/16 12:57:38 Ошибка при сканирование папки: LocalUser\MyAgent на наличие файлов.
Ошибка: open C:\FTP\FTPForTickets\LocalUser\MyAgent: no such file or directory
2024/10/16 12:57:38 Ошибка при сканирование папки: OLTC_02aka_ppr02 на наличие файлов.
Ошибка: open C:\FTP\FTPForTickets\OLTC_02aka_ppr02: no such file or directory
2024/10/16 12:57:38 Ошибка при сканирование папки: OLTC_02aka_ppr05 на наличие файлов.
Ошибка: open C:\FTP\FTPForTickets\OLTC_02aka_ppr05: no such file or directory
2024/10/16 12:57:38 Ошибка при сканирование папки: OLTC_27moa_ppr34 на наличие файлов.
Ошибка: open C:\FTP\FTPForTickets\OLTC_27moa_ppr34: no such file or directory
2024/10/16 12:57:38 Ошибка при сканирование папки: OLTC_52msa_ppr01 на наличие файлов.
Ошибка: open C:\FTP\FTPForTickets\OLTC_52msa_ppr01: no such file or directory
2024/10/16 12:57:38 Ошибка при сканирование папки: OLTC_71mos_ppr25 на наличие файлов.
Ошибка: open C:\FTP\FTPForTickets\OLTC_71mos_ppr25: no such file or directory
2024/10/16 12:57:38 Ошибка при сканирование папки: OLTC_87mov_ppr05 на наличие файлов.
Ошибка: open C:\FTP\FTPForTickets\OLTC_87mov_ppr05: no such file or directory
2024/10/16 12:57:38 Ошибка при сканирование папки: OLTC_agn_02mok_main на наличие файлов.
Ошибка: open C:\FTP\FTPForTickets\OLTC_agn_02mok_main: no such file or directory
2024/10/16 12:57:38 Ошибка при сканирование папки: OLTC_agn_05msv_main на наличие файлов.
Ошибка: open C:\FTP\FTPForTickets\OLTC_agn_05msv_main: no such file or directory
2024/10/16 12:57:38 Ошибка при сканирование папки: OLTC_agn_u6173_main на наличие файлов.
Ошибка: open C:\FTP\FTPForTickets\OLTC_agn_u6173_main: no such file or directory
2024/10/16 12:57:38 Ошибка при сканирование папки: S7Smart на наличие файлов.
Ошибка: open C:\FTP\FTPForTickets\S7Smart: no such file or directory
2024/10/16 12:57:38 Ошибка при сканирование папки: Sabre на наличие файлов.
Ошибка: open C:\FTP\FTPForTickets\Sabre: no such file or directory
2024/10/16 12:57:38 Ошибка при сканирование папки: LocalUser\TTBooking на наличие файлов.
Ошибка: open C:\FTP\FTPForTickets\LocalUser\TTBooking: no such file or directory
2024/10/16 12:57:38 Ошибка при сканирование папки: VipServiceAmadeus на наличие файлов.
Ошибка: open C:\FTP\FTPForTickets\VipServiceAmadeus: no such file or directory
2024/10/16 12:57:38 Ошибка при сканирование папки: VipServicePortbilet на наличие файлов.
Ошибка: open C:\FTP\FTPForTickets\VipServicePortbilet: no such file or directory
2024/10/16 12:57:55 Ошибка при сканирование папки: Aerotur на наличие файлов.
Ошибка: open C:\FTP\FTPForTickets\Aerotur: no such file or directory
2024/10/16 12:57:55 Ошибка при сканирование папки: LocalUser\LinerAmadeus на наличие файлов.
Ошибка: open C:\FTP\FTPForTickets\LocalUser\LinerAmadeus: no such file or directory
2024/10/16 12:57:55 Ошибка при сканирование папки: LocalUser\LinerB2BB на наличие файлов.
Ошибка: open C:\FTP\FTPForTickets\LocalUser\LinerB2BB: no such file or directory
2024/10/16 12:57:55 Ошибка при сканирование папки: LocalUser\LinerSSOD на наличие файлов.
Ошибка: open C:\FTP\FTPForTickets\LocalUser\LinerSSOD: no such file or directory
2024/10/16 12:57:55 Ошибка при сканирование папки: LocalUser\MyAgent на наличие файлов.
Ошибка: open C:\FTP\FTPForTickets\LocalUser\MyAgent: no such file or directory
2024/10/16 12:57:55 Ошибка при сканирование папки: OLTC_02aka_ppr02 на наличие файлов.
Ошибка: open C:\FTP\FTPForTickets\OLTC_02aka_ppr02: no such file or directory
2024/10/16 12:57:55 Ошибка при сканирование папки: OLTC_02aka_ppr05 на наличие файлов.
Ошибка: open C:\FTP\FTPForTickets\OLTC_02aka_ppr05: no such file or directory
2024/10/16 12:57:55 Ошибка при сканирование папки: OLTC_27moa_ppr34 на наличие файлов.
Ошибка: open C:\FTP\FTPForTickets\OLTC_27moa_ppr34: no such file or directory
2024/10/16 12:57:55 Ошибка при сканирование папки: OLTC_52msa_ppr01 на наличие файлов.
Ошибка: open C:\FTP\FTPForTickets\OLTC_52msa_ppr01: no such file or directory
2024/10/16 12:57:55 Ошибка при сканирование папки: OLTC_71mos_ppr25 на наличие файлов.
Ошибка: open C:\FTP\FTPForTickets\OLTC_71mos_ppr25: no such file or directory
2024/10/16 12:57:55 Ошибка при сканирование папки: OLTC_87mov_ppr05 на наличие файлов.
Ошибка: open C:\FTP\FTPForTickets\OLTC_87mov_ppr05: no such file or directory
2024/10/16 12:57:55 Ошибка при сканирование папки: OLTC_agn_02mok_main на наличие файлов.
Ошибка: open C:\FTP\FTPForTickets\OLTC_agn_02mok_main: no such file or directory
2024/10/16 12:57:55 Ошибка при сканирование папки: OLTC_agn_05msv_main на наличие файлов.
Ошибка: open C:\FTP\FTPForTickets\OLTC_agn_05msv_main: no such file or directory
2024/10/16 12:57:55 Ошибка при сканирование папки: OLTC_agn_u6173_main на наличие файлов.
Ошибка: open C:\FTP\FTPForTickets\OLTC_agn_u6173_main: no such file or directory
2024/10/16 12:57:55 Ошибка при сканирование папки: S7Smart на наличие файлов.
Ошибка: open C:\FTP\FTPForTickets\S7Smart: no such file or directory
2024/10/16 12:57:55 Ошибка при сканирование папки: Sabre на наличие файлов.
Ошибка: open C:\FTP\FTPForTickets\Sabre: no such file or directory
2024/10/16 12:57:55 Ошибка при сканирование папки: LocalUser\TTBooking на наличие файлов.
Ошибка: open C:\FTP\FTPForTickets\LocalUser\TTBooking: no such file or directory
2024/10/16 12:57:55 Ошибка при сканирование папки: VipServiceAmadeus на наличие файлов.
Ошибка: open C:\FTP\FTPForTickets\VipServiceAmadeus: no such file or directory
2024/10/16 12:57:55 Ошибка при сканирование папки: VipServicePortbilet на наличие файлов.
Ошибка: open C:\FTP\FTPForTickets\VipServicePortbilet: no such file or directory
2024/10/16 12:58:07 Ошибка при сканирование папки: Aerotur на наличие файлов.
Ошибка: open C:\FTP\FTPForTickets\Aerotur: no such file or directory
2024/10/16 12:58:07 Ошибка при сканирование папки: LocalUser\LinerAmadeus на наличие файлов.
Ошибка: open C:\FTP\FTPForTickets\LocalUser\LinerAmadeus: no such file or directory
2024/10/16 12:58:07 Ошибка при сканирование папки: LocalUser\LinerB2BB на наличие файлов.
Ошибка: open C:\FTP\FTPForTickets\LocalUser\LinerB2BB: no such file or directory
2024/10/16 12:58:07 Ошибка при сканирование папки: LocalUser\LinerSSOD на наличие файлов.
Ошибка: open C:\FTP\FTPForTickets\LocalUser\LinerSSOD: no such file or directory
2024/10/16 12:58:07 Ошибка при сканирование папки: LocalUser\MyAgent на наличие файлов.
Ошибка: open C:\FTP\FTPForTickets\LocalUser\MyAgent: no such file or directory
2024/10/16 12:58:07 Ошибка при сканирование папки: OLTC_02aka_ppr02 на наличие файлов.
Ошибка: open C:\FTP\FTPForTickets\OLTC_02aka_ppr02: no such file or directory
2024/10/16 12:58:07 Ошибка при сканирование папки: OLTC_02aka_ppr05 на наличие файлов.
Ошибка: open C:\FTP\FTPForTickets\OLTC_02aka_ppr05: no such file or directory
2024/10/16 12:58:07 Ошибка при сканирование папки: OLTC_27moa_ppr34 на наличие файлов.
Ошибка: open C:\FTP\FTPForTickets\OLTC_27moa_ppr34: no such file or directory
2024/10/16 12:58:07 Ошибка при сканирование папки: OLTC_52msa_ppr01 на наличие файлов.
Ошибка: open C:\FTP\FTPForTickets\OLTC_52msa_ppr01: no such file or directory
2024/10/16 12:58:07 Ошибка при сканирование папки: OLTC_71mos_ppr25 на наличие файлов.
Ошибка: open C:\FTP\FTPForTickets\OLTC_71mos_ppr25: no such file or directory
2024/10/16 12:58:07 Ошибка при сканирование папки: OLTC_87mov_ppr05 на наличие файлов.
Ошибка: open C:\FTP\FTPForTickets\OLTC_87mov_ppr05: no such file or directory
2024/10/16 12:58:07 Ошибка при сканирование папки: OLTC_agn_02mok_main на наличие файлов.
Ошибка: open C:\FTP\FTPForTickets\OLTC_agn_02mok_main: no such file or directory
2024/10/16 12:58:07 Ошибка при сканирование папки: OLTC_agn_05msv_main на наличие файлов.
Ошибка: open C:\FTP\FTPForTickets\OLTC_agn_05msv_main: no such file or directory
2024/10/16 12:58:07 Ошибка при сканирование папки: OLTC_agn_u6173_main на наличие файлов.
Ошибка: open C:\FTP\FTPForTickets\OLTC_agn_u6173_main: no such file or directory
2024/10/16 12:58:07 Ошибка при сканирование папки: S7Smart на наличие файлов.
Ошибка: open C:\FTP\FTPForTickets\S7Smart: no such file or directory
2024/10/16 12:58:07 Ошибка при сканирование папки: Sabre на наличие файлов.
Ошибка: open C:\FTP\FTPForTickets\Sabre: no such file or directory
2024/10/16 12:58:07 Ошибка при сканирование папки: LocalUser\TTBooking на наличие файлов.
Ошибка: open C:\FTP\FTPForTickets\LocalUser\TTBooking: no such file or directory
2024/10/16 12:58:07 Ошибка при сканирование папки: VipServiceAmadeus на наличие файлов.
Ошибка: open C:\FTP\FTPForTickets\VipServiceAmadeus: no such file or directory
2024/10/16 12:58:07 Ошибка при сканирование папки: VipServicePortbilet на наличие файлов.
Ошибка: open C:\FTP\FTPForTickets\VipServicePortbilet: no such file or directory
2024/10/16 12:58:19 Ошибка при сканирование папки: Aerotur на наличие файлов.
Ошибка: open C:\FTP\FTPForTickets\Aerotur: no such file or directory
2024/10/16 12:58:19 Ошибка при сканирование папки: LocalUser\LinerAmadeus на наличие файлов.
Ошибка: open C:\FTP\FTPForTickets\LocalUser\LinerAmadeus: no such file or directory
2024/10/16 12:58:19 Ошибка при сканирование папки: LocalUser\LinerB2BB на наличие файлов.
Ошибка: open C:\FTP\FTPForTickets\LocalUser\LinerB2BB: no such file or directory
2024/10/16 12:58:19 Ошибка при сканирование папки: LocalUser\LinerSSOD на наличие файлов.
Ошибка: open C:\FTP\FTPForTickets\LocalUser\LinerSSOD: no such file or directory
2024/10/16 12:58:19 Ошибка при сканирование папки: LocalUser\MyAgent на наличие файлов.
Ошибка: open C:\FTP\FTPForTickets\LocalUser\MyAgent: no such file or directory
2024/10/16 12:58:19 Ошибка при сканирование папки: OLTC_02aka_ppr02 на наличие файлов.
Ошибка: open C:\FTP\FTPForTickets\OLTC_02aka_ppr02: no such file or directory
2024/10/16 12:58:19 Ошибка при сканирование папки: OLTC_02aka_ppr05 на наличие файлов.
Ошибка: open C:\FTP\FTPForTickets\OLTC_02aka_ppr05: no such file or directory
2024/10/16 12:58:19 Ошибка при сканирование папки: OLTC_27moa_ppr34 на наличие файлов.
Ошибка: open C:\FTP\FTPForTickets\OLTC_27moa_ppr34: no such file or directory
2024/10/16 12:58:19 Ошибка при сканирование папки: OLTC_52msa_ppr01 на наличие файлов.
Ошибка: open C:\FTP\FTPForTickets\OLTC_52msa_ppr01: no such file or directory
2024/10/16 12:58:19 Ошибка при сканирование папки: OLTC_71mos_ppr25 на наличие файлов.
Ошибка: open C:\FTP\FTPForTickets\OLTC_71mos_ppr25: no such file or directory
2024/10/16 12:58:19 Ошибка при сканирование папки: OLTC_87mov_ppr05 на наличие файлов.
Ошибка: open C:\FTP\FTPForTickets\OLTC_87mov_ppr05: no such file or directory
2024/10/16 12:58:19 Ошибка при сканирование папки: OLTC_agn_02mok_main на наличие файлов.
Ошибка: open C:\FTP\FTPForTickets\OLTC_agn_02mok_main: no such file or directory
2024/10/16 12:58:19 Ошибка при сканирование папки: OLTC_agn_05msv_main на наличие файлов.
Ошибка: open C:\FTP\FTPForTickets\OLTC_agn_05msv_main: no such file or directory
2024/10/16 12:58:19 Ошибка при сканирование папки: OLTC_agn_u6173_main на наличие файлов.
Ошибка: open C:\FTP\FTPForTickets\OLTC_agn_u6173_main: no such file or directory
2024/10/16 12:58:19 Ошибка при сканирование папки: S7Smart на наличие файлов.
Ошибка: open C:\FTP\FTPForTickets\S7Smart: no such file or directory
2024/10/16 12:58:19 Ошибка при сканирование папки: Sabre на наличие файлов.
Ошибка: open C:\FTP\FTPForTickets\Sabre: no such file or directory
2024/10/16 12:58:19 Ошибка при сканирование папки: LocalUser\TTBooking на наличие файлов.
Ошибка: open C:\FTP\FTPForTickets\LocalUser\TTBooking: no such file or directory
2024/10/16 12:58:19 Ошибка при сканирование папки: VipServiceAmadeus на наличие файлов.
Ошибка: open C:\FTP\FTPForTickets\VipServiceAmadeus: no such file or directory
2024/10/16 12:58:19 Ошибка при сканирование папки: VipServicePortbilet на наличие файлов.
Ошибка: open C:\FTP\FTPForTickets\VipServicePortbilet: no such file or directory
