2024/10/09 16:51:21 Файл скопирован в архив: C:\FTP\Archive\OLTC_61mos_ppr28\testOLTC_61mos_ppr28
2024/10/09 16:51:21 Файл: testOLTC_61mos_ppr28 успешно передан на FTP: 1C в директорию OLTC_61mos_ppr28
2024/10/09 16:51:21 Файл: testOLTC_61mos_ppr28 успешно передан на FTP: VK_SOFI в директорию OLTC_61mos_ppr28
2024/10/09 16:52:52 Файл скопирован в архив: C:\FTP\Archive\OLTC_agn_02mok_main\AAA20241009_165246_158410318.xml
2024/10/09 16:52:52 Файл: AAA20241009_165246_158410318.xml успешно передан на FTP: VK_SOFI в директорию OLTC_agn_02mok_main
2024/10/09 16:52:52 Файл: AAA20241009_165246_158410318.xml успешно передан на FTP: 1C в директорию OLTC_agn_02mok_main
2024/10/09 16:53:14 Файл скопирован в архив: C:\FTP\Archive\OLTC_agn_02mok_main\AAA20241009_165306_158410534.xml
2024/10/09 16:53:14 Файл: AAA20241009_165306_158410534.xml успешно передан на FTP: VK_SOFI в директорию OLTC_agn_02mok_main
2024/10/09 16:53:14 Файл: AAA20241009_165306_158410534.xml успешно передан на FTP: 1C в директорию OLTC_agn_02mok_main
2024/10/09 16:54:51 Файл скопирован в архив: C:\FTP\Archive\OLTC_agn_02mok_main\AAA20241009_165443_158411733.xml
2024/10/09 16:54:51 Файл: AAA20241009_165443_158411733.xml успешно передан на FTP: VK_SOFI в директорию OLTC_agn_02mok_main
2024/10/09 16:54:51 Файл: AAA20241009_165443_158411733.xml успешно передан на FTP: 1C в директорию OLTC_agn_02mok_main
2024/10/09 16:55:13 Файл скопирован в архив: C:\FTP\Archive\OLTC_agn_02mok_main\AAA20241009_165503_158411950.xml
2024/10/09 16:55:13 Файл: AAA20241009_165503_158411950.xml успешно передан на FTP: VK_SOFI в директорию OLTC_agn_02mok_main
2024/10/09 16:55:13 Файл: AAA20241009_165503_158411950.xml успешно передан на FTP: 1C в директорию OLTC_agn_02mok_main
2024/10/09 16:55:34 Файл скопирован в архив: C:\FTP\Archive\OLTC_agn_02mok_main\AAA20241009_165532_158412323.xml
2024/10/09 16:55:34 Файл: AAA20241009_165532_158412323.xml успешно передан на FTP: VK_SOFI в директорию OLTC_agn_02mok_main
2024/10/09 16:55:34 Файл: AAA20241009_165532_158412323.xml успешно передан на FTP: 1C в директорию OLTC_agn_02mok_main
2024/10/09 16:58:21 Файл скопирован в архив: C:\FTP\Archive\OLTC_agn_02mok_main\AAA20241009_165816_158414549.xml
2024/10/09 16:58:21 Файл: AAA20241009_165816_158414549.xml успешно передан на FTP: 1C в директорию OLTC_agn_02mok_main
2024/10/09 16:58:21 Файл: AAA20241009_165816_158414549.xml успешно передан на FTP: VK_SOFI в директорию OLTC_agn_02mok_main
2024/10/09 16:58:53 Файл скопирован в архив: C:\FTP\Archive\OLTC_agn_02mok_main\AAA20241009_165847_158415033.xml
2024/10/09 16:58:53 Файл: AAA20241009_165847_158415033.xml успешно передан на FTP: VK_SOFI в директорию OLTC_agn_02mok_main
2024/10/09 16:58:53 Файл: AAA20241009_165847_158415033.xml успешно передан на FTP: 1C в директорию OLTC_agn_02mok_main
2024/10/09 17:01:14 Файл скопирован в архив: C:\FTP\Archive\OLTC_agn_u6173_main\AAA20241009_170104_158417036.xml
2024/10/09 17:01:14 Файл: AAA20241009_170104_158417036.xml успешно передан на FTP: VK_SOFI в директорию OLTC_agn_u6173_main
2024/10/09 17:01:15 Файл: AAA20241009_170104_158417036.xml успешно передан на FTP: 1C в директорию OLTC_agn_u6173_main
2024/10/09 17:03:56 Файл скопирован в архив: C:\FTP\Archive\Aerotur\AIR_20241009134616s.186566.PDT
2024/10/09 17:03:56 Файл: AIR_20241009134616s.186566.PDT успешно передан на FTP: VK_SOFI в директорию Aerotur
2024/10/09 17:03:56 Файл: AIR_20241009134616s.186566.PDT успешно передан на FTP: 1C в директорию Aerotur
2024/10/09 17:05:55 Файл скопирован в архив: C:\FTP\Archive\OLTC_87mov_ppr05\AAA20241009_170547_158420599.xml
2024/10/09 17:05:55 Файл: AAA20241009_170547_158420599.xml успешно передан на FTP: VK_SOFI в директорию OLTC_87mov_ppr05
2024/10/09 17:05:55 Файл: AAA20241009_170547_158420599.xml успешно передан на FTP: 1C в директорию OLTC_87mov_ppr05
