2024/10/15 15:33:07 Файл скопирован в архив: C:\FTP\Archive\OLTC_87mov_ppr05\AAA20241015_153002_162478811.xml
2024/10/15 15:33:07 Файл: AAA20241015_153002_162478811.xml успешно передан на FTP: VK_SOFI в директорию OLTC_87mov_ppr05
2024/10/15 15:33:07 Файл: AAA20241015_153002_162478811.xml успешно передан на FTP: 1C в директорию OLTC_87mov_ppr05
2024/10/15 15:33:08 Файл скопирован в архив: C:\FTP\Archive\OLTC_87mov_ppr05\AAA20241015_153002_162478827.xml
2024/10/15 15:33:08 Файл: AAA20241015_153002_162478827.xml успешно передан на FTP: 1C в директорию OLTC_87mov_ppr05
2024/10/15 15:33:08 Файл: AAA20241015_153002_162478827.xml успешно передан на FTP: VK_SOFI в директорию OLTC_87mov_ppr05
2024/10/15 15:33:08 Файл скопирован в архив: C:\FTP\Archive\OLTC_agn_02mok_main\AAA20241015_152940_162478521.xml
2024/10/15 15:33:08 Файл: AAA20241015_152940_162478521.xml успешно передан на FTP: VK_SOFI в директорию OLTC_agn_02mok_main
2024/10/15 15:33:08 Файл: AAA20241015_152940_162478521.xml успешно передан на FTP: 1C в директорию OLTC_agn_02mok_main
2024/10/15 15:33:08 Файл скопирован в архив: C:\FTP\Archive\OLTC_agn_02mok_main\AAA20241015_152946_162478603.xml
2024/10/15 15:33:08 Файл: AAA20241015_152946_162478603.xml успешно передан на FTP: VK_SOFI в директорию OLTC_agn_02mok_main
2024/10/15 15:33:08 Файл: AAA20241015_152946_162478603.xml успешно передан на FTP: 1C в директорию OLTC_agn_02mok_main
2024/10/15 15:33:08 Файл скопирован в архив: C:\FTP\Archive\S7Smart\4212120448209_Sa.air
2024/10/15 15:33:08 Файл: 4212120448209_Sa.air успешно передан на FTP: VK_SOFI в директорию S7Smart
2024/10/15 15:33:08 Файл: 4212120448209_Sa.air успешно передан на FTP: 1C в директорию S7Smart
2024/10/15 15:33:08 Файл скопирован в архив: C:\FTP\Archive\S7Smart\4212120448210_Sa.air
2024/10/15 15:33:08 Файл: 4212120448210_Sa.air успешно передан на FTP: VK_SOFI в директорию S7Smart
2024/10/15 15:33:08 Файл: 4212120448210_Sa.air успешно передан на FTP: 1C в директорию S7Smart
2024/10/15 15:33:08 Файл скопирован в архив: C:\FTP\Archive\S7Smart\4212120448211_Sa.air
2024/10/15 15:33:08 Файл: 4212120448211_Sa.air успешно передан на FTP: 1C в директорию S7Smart
2024/10/15 15:33:09 Файл: 4212120448211_Sa.air успешно передан на FTP: VK_SOFI в директорию S7Smart
2024/10/15 15:34:47 Файл скопирован в архив: C:\FTP\Archive\OLTC_agn_05msv_main\AAA20241015_153442_162482489.xml
2024/10/15 15:34:47 Файл: AAA20241015_153442_162482489.xml успешно передан на FTP: VK_SOFI в директорию OLTC_agn_05msv_main
2024/10/15 15:34:47 Файл: AAA20241015_153442_162482489.xml успешно передан на FTP: 1C в директорию OLTC_agn_05msv_main
2024/10/15 15:34:47 Файл скопирован в архив: C:\FTP\Archive\OLTC_agn_05msv_main\AAA20241015_153442_162482490.xml
2024/10/15 15:34:47 Файл: AAA20241015_153442_162482490.xml успешно передан на FTP: VK_SOFI в директорию OLTC_agn_05msv_main
2024/10/15 15:34:47 Файл: AAA20241015_153442_162482490.xml успешно передан на FTP: 1C в директорию OLTC_agn_05msv_main
2024/10/15 15:34:47 Файл скопирован в архив: C:\FTP\Archive\OLTC_agn_05msv_main\AAA20241015_153442_162482491.xml
2024/10/15 15:34:47 Файл: AAA20241015_153442_162482491.xml успешно передан на FTP: VK_SOFI в директорию OLTC_agn_05msv_main
2024/10/15 15:34:47 Файл: AAA20241015_153442_162482491.xml успешно передан на FTP: 1C в директорию OLTC_agn_05msv_main
2024/10/15 15:34:58 Файл скопирован в архив: C:\FTP\Archive\OLTC_27moa_ppr34\AAA20241015_153457_162482680.xml
2024/10/15 15:34:58 Файл: AAA20241015_153457_162482680.xml успешно передан на FTP: VK_SOFI в директорию OLTC_27moa_ppr34
2024/10/15 15:34:58 Файл: AAA20241015_153457_162482680.xml успешно передан на FTP: 1C в директорию OLTC_27moa_ppr34
2024/10/15 15:34:58 Файл скопирован в архив: C:\FTP\Archive\OLTC_agn_02mok_main\AAA20241015_153458_162482696.xml
2024/10/15 15:34:58 Файл: AAA20241015_153458_162482696.xml успешно передан на FTP: VK_SOFI в директорию OLTC_agn_02mok_main
2024/10/15 15:34:58 Файл: AAA20241015_153458_162482696.xml успешно передан на FTP: 1C в директорию OLTC_agn_02mok_main
2024/10/15 15:35:53 Файл скопирован в архив: C:\FTP\Archive\OLTC_agn_05msv_main\AAA20241015_153545_162483245.xml
2024/10/15 15:35:53 Файл: AAA20241015_153545_162483245.xml успешно передан на FTP: VK_SOFI в директорию OLTC_agn_05msv_main
2024/10/15 15:35:53 Файл: AAA20241015_153545_162483245.xml успешно передан на FTP: 1C в директорию OLTC_agn_05msv_main
2024/10/15 15:35:53 Файл скопирован в архив: C:\FTP\Archive\OLTC_agn_05msv_main\AAA20241015_153545_162483253.xml
2024/10/15 15:35:54 Файл: AAA20241015_153545_162483253.xml успешно передан на FTP: VK_SOFI в директорию OLTC_agn_05msv_main
2024/10/15 15:35:54 Файл: AAA20241015_153545_162483253.xml успешно передан на FTP: 1C в директорию OLTC_agn_05msv_main
2024/10/15 15:35:54 Файл скопирован в архив: C:\FTP\Archive\OLTC_agn_05msv_main\AAA20241015_153545_162483262.xml
2024/10/15 15:35:54 Файл: AAA20241015_153545_162483262.xml успешно передан на FTP: VK_SOFI в директорию OLTC_agn_05msv_main
2024/10/15 15:35:54 Файл: AAA20241015_153545_162483262.xml успешно передан на FTP: 1C в директорию OLTC_agn_05msv_main
2024/10/15 15:37:32 Файл скопирован в архив: C:\FTP\Archive\OLTC_52msa_ppr01\AAA20241015_153723_162484462.xml
2024/10/15 15:37:32 Файл: AAA20241015_153723_162484462.xml успешно передан на FTP: VK_SOFI в директорию OLTC_52msa_ppr01
2024/10/15 15:37:32 Файл: AAA20241015_153723_162484462.xml успешно передан на FTP: 1C в директорию OLTC_52msa_ppr01
2024/10/15 15:42:15 Файл скопирован в архив: C:\FTP\Archive\OLTC_87mov_ppr05\AAA20241015_154208_162488602.xml
2024/10/15 15:42:15 Файл: AAA20241015_154208_162488602.xml успешно передан на FTP: 1C в директорию OLTC_87mov_ppr05
2024/10/15 15:42:15 Файл: AAA20241015_154208_162488602.xml успешно передан на FTP: VK_SOFI в директорию OLTC_87mov_ppr05
2024/10/15 15:48:35 Файл скопирован в архив: C:\FTP\Archive\OLTC_87mov_ppr05\AAA20241015_154833_162493957.xml
2024/10/15 15:48:35 Файл: AAA20241015_154833_162493957.xml успешно передан на FTP: VK_SOFI в директорию OLTC_87mov_ppr05
2024/10/15 15:48:35 Файл: AAA20241015_154833_162493957.xml успешно передан на FTP: 1C в директорию OLTC_87mov_ppr05
2024/10/15 15:54:02 Ошибка при получение даных файла: /air/ledhy3010/AIR_20241015123340s.381943.PDT на удалённом FTP сервере: Aerotur
Ошибка: 229 Entering Extended Passive Mode (|||15590|).
2024/10/15 15:54:02 Файл скопирован в архив: C:\FTP\Archive\Aerotur\AIR_20241015122933s.381718.PDT
2024/10/15 15:54:02 Файл: AIR_20241015122933s.381718.PDT успешно передан на FTP: VK_SOFI в директорию Aerotur
2024/10/15 15:54:02 Файл: AIR_20241015122933s.381718.PDT успешно передан на FTP: 1C в директорию Aerotur
2024/10/15 15:54:13 Ошибка при получение даных файла: /air/ledhy3010/AIR_20241015123953s.382258.PDT на удалённом FTP сервере: Aerotur
Ошибка: 229 Entering Extended Passive Mode (|||31509|).
2024/10/15 15:54:13 Файл скопирован в архив: C:\FTP\Archive\Aerotur\AIR_20241015123340s.381943.PDT
2024/10/15 15:54:13 Файл: AIR_20241015123340s.381943.PDT успешно передан на FTP: VK_SOFI в директорию Aerotur
2024/10/15 15:54:13 Файл: AIR_20241015123340s.381943.PDT успешно передан на FTP: 1C в директорию Aerotur
2024/10/15 15:54:24 Ошибка при получение даных файла: /air/ledhy3010/AIR_20241015124704s.382639.PDT на удалённом FTP сервере: Aerotur
Ошибка: 229 Entering Extended Passive Mode (|||63709|).
2024/10/15 15:54:24 Файл скопирован в архив: C:\FTP\Archive\Aerotur\AIR_20241015123953s.382258.PDT
2024/10/15 15:54:24 Файл: AIR_20241015123953s.382258.PDT успешно передан на FTP: VK_SOFI в директорию Aerotur
2024/10/15 15:54:24 Файл: AIR_20241015123953s.382258.PDT успешно передан на FTP: 1C в директорию Aerotur
2024/10/15 15:54:34 Ошибка при получение даных файла: /air/ledhy3010/AIR_20241015125029s.382805.PDT на удалённом FTP сервере: Aerotur
Ошибка: 229 Entering Extended Passive Mode (|||64519|).
2024/10/15 15:54:34 Файл скопирован в архив: C:\FTP\Archive\Aerotur\AIR_20241015124704s.382639.PDT
2024/10/15 15:54:34 Файл: AIR_20241015124704s.382639.PDT успешно передан на FTP: 1C в директорию Aerotur
2024/10/15 15:54:34 Файл: AIR_20241015124704s.382639.PDT успешно передан на FTP: VK_SOFI в директорию Aerotur
2024/10/15 15:54:34 Файл скопирован в архив: C:\FTP\Archive\OLTC_agn_02mok_main\AAA20241015_155430_162498953.xml
2024/10/15 15:54:34 Файл: AAA20241015_155430_162498953.xml успешно передан на FTP: VK_SOFI в директорию OLTC_agn_02mok_main
2024/10/15 15:54:34 Файл: AAA20241015_155430_162498953.xml успешно передан на FTP: 1C в директорию OLTC_agn_02mok_main
2024/10/15 15:54:45 Файл скопирован в архив: C:\FTP\Archive\Aerotur\AIR_20241015125029s.382805.PDT
2024/10/15 15:54:45 Файл: AIR_20241015125029s.382805.PDT успешно передан на FTP: VK_SOFI в директорию Aerotur
2024/10/15 15:54:45 Файл: AIR_20241015125029s.382805.PDT успешно передан на FTP: 1C в директорию Aerotur
2024/10/15 15:55:18 Файл скопирован в архив: C:\FTP\Archive\OLTC_agn_02mok_main\AAA20241015_155510_162499597.xml
2024/10/15 15:55:18 Файл: AAA20241015_155510_162499597.xml успешно передан на FTP: VK_SOFI в директорию OLTC_agn_02mok_main
2024/10/15 15:55:18 Файл: AAA20241015_155510_162499597.xml успешно передан на FTP: 1C в директорию OLTC_agn_02mok_main
2024/10/15 15:56:45 Файл скопирован в архив: C:\FTP\Archive\OLTC_agn_02mok_main\AAA20241015_155645_162500983.xml
2024/10/15 15:56:45 Файл: AAA20241015_155645_162500983.xml успешно передан на FTP: VK_SOFI в директорию OLTC_agn_02mok_main
2024/10/15 15:56:45 Файл: AAA20241015_155645_162500983.xml успешно передан на FTP: 1C в директорию OLTC_agn_02mok_main
2024/10/15 15:57:07 Файл скопирован в архив: C:\FTP\Archive\OLTC_agn_u6173_main\AAA20241015_155701_162501184.xml
2024/10/15 15:57:07 Файл: AAA20241015_155701_162501184.xml успешно передан на FTP: VK_SOFI в директорию OLTC_agn_u6173_main
2024/10/15 15:57:07 Файл: AAA20241015_155701_162501184.xml успешно передан на FTP: 1C в директорию OLTC_agn_u6173_main
2024/10/15 16:00:02 Файл скопирован в архив: C:\FTP\Archive\OLTC_agn_02mok_main\AAA20241015_160000_162503788.xml
2024/10/15 16:00:03 Файл: AAA20241015_160000_162503788.xml успешно передан на FTP: VK_SOFI в директорию OLTC_agn_02mok_main
2024/10/15 16:00:03 Файл: AAA20241015_160000_162503788.xml успешно передан на FTP: 1C в директорию OLTC_agn_02mok_main
2024/10/15 16:04:45 Файл скопирован в архив: C:\FTP\Archive\OLTC_02aka_ppr02\AAA20241015_160445_162507558.xml
2024/10/15 16:04:45 Файл: AAA20241015_160445_162507558.xml успешно передан на FTP: 1C в директорию OLTC_02aka_ppr02
2024/10/15 16:04:45 Файл: AAA20241015_160445_162507558.xml успешно передан на FTP: VK_SOFI в директорию OLTC_02aka_ppr02
2024/10/15 16:12:53 Файл скопирован в архив: C:\FTP\Archive\LinerB2B\0R8B1N.json
2024/10/15 16:12:54 Файл: 0R8B1N.json успешно передан на FTP: VK_SOFI в директорию LinerB2B
2024/10/15 16:12:54 Файл: 0R8B1N.json успешно передан на FTP: 1C в директорию LinerB2B
2024/10/15 16:13:26 Ошибка при получение даных файла: /air/ledhy3010/AIR_20241015125303s.382942.PDT на удалённом FTP сервере: Aerotur
Ошибка: 229 Entering Extended Passive Mode (|||12827|).
2024/10/15 16:13:26 Файл скопирован в архив: C:\FTP\Archive\Aerotur\AIR_20241015125215s.382898.PDT
2024/10/15 16:13:26 Файл: AIR_20241015125215s.382898.PDT успешно передан на FTP: VK_SOFI в директорию Aerotur
2024/10/15 16:13:26 Файл: AIR_20241015125215s.382898.PDT успешно передан на FTP: 1C в директорию Aerotur
2024/10/15 16:13:37 Ошибка при получение даных файла: /air/ledhy3010/AIR_20241015125945s.383287.PDT на удалённом FTP сервере: Aerotur
Ошибка: 229 Entering Extended Passive Mode (|||64737|).
2024/10/15 16:13:37 Файл скопирован в архив: C:\FTP\Archive\Aerotur\AIR_20241015125303s.382942.PDT
2024/10/15 16:13:37 Файл: AIR_20241015125303s.382942.PDT успешно передан на FTP: VK_SOFI в директорию Aerotur
2024/10/15 16:13:37 Файл: AIR_20241015125303s.382942.PDT успешно передан на FTP: 1C в директорию Aerotur
2024/10/15 16:13:47 Ошибка при получение даных файла: /air/ledhy3010/AIR_20241015130120s.383348.PDT на удалённом FTP сервере: Aerotur
Ошибка: 229 Entering Extended Passive Mode (|||38390|).
2024/10/15 16:13:47 Файл скопирован в архив: C:\FTP\Archive\Aerotur\AIR_20241015125945s.383287.PDT
2024/10/15 16:13:47 Файл: AIR_20241015125945s.383287.PDT успешно передан на FTP: VK_SOFI в директорию Aerotur
2024/10/15 16:13:47 Файл: AIR_20241015125945s.383287.PDT успешно передан на FTP: 1C в директорию Aerotur
2024/10/15 16:13:58 Файл скопирован в архив: C:\FTP\Archive\Aerotur\AIR_20241015130120s.383348.PDT
2024/10/15 16:13:58 Файл: AIR_20241015130120s.383348.PDT успешно передан на FTP: VK_SOFI в директорию Aerotur
2024/10/15 16:13:58 Файл: AIR_20241015130120s.383348.PDT успешно передан на FTP: 1C в директорию Aerotur
2024/10/15 16:14:21 Файл скопирован в архив: C:\FTP\Archive\LinerB2B\0R87RL.json
2024/10/15 16:14:21 Файл: 0R87RL.json успешно передан на FTP: VK_SOFI в директорию LinerB2B
2024/10/15 16:14:21 Файл: 0R87RL.json успешно передан на FTP: 1C в директорию LinerB2B
2024/10/15 16:18:55 Файл скопирован в архив: C:\FTP\Archive\OLTC_agn_02mok_main\AAA20241015_161845_162518533.xml
2024/10/15 16:18:55 Файл: AAA20241015_161845_162518533.xml успешно передан на FTP: VK_SOFI в директорию OLTC_agn_02mok_main
2024/10/15 16:18:55 Файл: AAA20241015_161845_162518533.xml успешно передан на FTP: 1C в директорию OLTC_agn_02mok_main
2024/10/15 16:20:00 Файл скопирован в архив: C:\FTP\Archive\OLTC_87mov_ppr05\AAA20241015_161958_162519640.xml
2024/10/15 16:20:00 Файл: AAA20241015_161958_162519640.xml успешно передан на FTP: VK_SOFI в директорию OLTC_87mov_ppr05
2024/10/15 16:20:00 Файл: AAA20241015_161958_162519640.xml успешно передан на FTP: 1C в директорию OLTC_87mov_ppr05
2024/10/15 16:21:16 Файл скопирован в архив: C:\FTP\Archive\OLTC_agn_02mok_main\AAA20241015_162115_162520580.xml
2024/10/15 16:21:16 Файл: AAA20241015_162115_162520580.xml успешно передан на FTP: VK_SOFI в директорию OLTC_agn_02mok_main
2024/10/15 16:21:16 Файл: AAA20241015_162115_162520580.xml успешно передан на FTP: 1C в директорию OLTC_agn_02mok_main
2024/10/15 16:25:19 Файл скопирован в архив: C:\FTP\Archive\OLTC_agn_u6173_main\AAA20241015_162517_162523812.xml
2024/10/15 16:25:20 Файл: AAA20241015_162517_162523812.xml успешно передан на FTP: VK_SOFI в директорию OLTC_agn_u6173_main
2024/10/15 16:25:20 Файл: AAA20241015_162517_162523812.xml успешно передан на FTP: 1C в директорию OLTC_agn_u6173_main
2024/10/15 16:26:04 Файл скопирован в архив: C:\FTP\Archive\TTBooking\5223484_180811.xml
2024/10/15 16:26:05 Файл: 5223484_180811.xml успешно передан на FTP: VK_SOFI в директорию TTBooking
2024/10/15 16:26:05 Файл: 5223484_180811.xml успешно передан на FTP: 1C в директорию TTBooking
