2024/10/09 16:43:20 Файл скопирован в архив: C:\FTP\Archive\Aerotur\AIR_20241009132118s.185420.PDT
2024/10/09 16:43:20 Файл: AIR_20241009132118s.185420.PDT успешно передан на FTP: VK_SOFI в директорию Aerotur
2024/10/09 16:43:20 Файл: AIR_20241009132118s.185420.PDT успешно передан на FTP: 1C в директорию Aerotur
2024/10/09 16:45:20 Файл скопирован в архив: C:\FTP\Archive\OLTC_61mos_ppr28\testOLTC_61mos_ppr28
2024/10/09 16:45:20 Файл: testOLTC_61mos_ppr28 успешно передан на FTP: VK_SOFI в директорию OLTC_61mos_ppr28
2024/10/09 16:45:20 Файл: testOLTC_61mos_ppr28 успешно передан на FTP: 1C в директорию OLTC_61mos_ppr28
2024/10/09 16:46:59 Файл скопирован в архив: C:\FTP\Archive\OLTC_agn_02mok_main\AAA20241009_164652_158406401.xml
2024/10/09 16:46:59 Файл: AAA20241009_164652_158406401.xml успешно передан на FTP: VK_SOFI в директорию OLTC_agn_02mok_main
2024/10/09 16:46:59 Файл: AAA20241009_164652_158406401.xml успешно передан на FTP: 1C в директорию OLTC_agn_02mok_main
2024/10/09 16:48:16 Файл скопирован в архив: C:\FTP\Archive\OLTC_agn_02mok_main\AAA20241009_164809_158407250.xml
2024/10/09 16:48:16 Файл: AAA20241009_164809_158407250.xml успешно передан на FTP: VK_SOFI в директорию OLTC_agn_02mok_main
2024/10/09 16:48:16 Файл: AAA20241009_164809_158407250.xml успешно передан на FTP: 1C в директорию OLTC_agn_02mok_main
2024/10/09 16:48:16 Файл скопирован в архив: C:\FTP\Archive\OLTC_agn_02mok_main\AAA20241009_164809_158407254.xml
2024/10/09 16:48:16 Файл: AAA20241009_164809_158407254.xml успешно передан на FTP: VK_SOFI в директорию OLTC_agn_02mok_main
2024/10/09 16:48:16 Файл: AAA20241009_164809_158407254.xml успешно передан на FTP: 1C в директорию OLTC_agn_02mok_main
2024/10/09 16:50:08 Файл скопирован в архив: C:\FTP\Archive\OLTC_agn_02mok_main\AAA20241009_165006_158408508.xml
2024/10/09 16:50:08 Файл: AAA20241009_165006_158408508.xml успешно передан на FTP: 1C в директорию OLTC_agn_02mok_main
2024/10/09 16:50:08 Файл: AAA20241009_165006_158408508.xml успешно передан на FTP: VK_SOFI в директорию OLTC_agn_02mok_main
2024/10/09 16:50:41 Файл скопирован в архив: C:\FTP\Archive\OLTC_agn_02mok_main\AAA20241009_165039_158408921.xml
2024/10/09 16:50:41 Файл: AAA20241009_165039_158408921.xml успешно передан на FTP: VK_SOFI в директорию OLTC_agn_02mok_main
2024/10/09 16:50:41 Файл: AAA20241009_165039_158408921.xml успешно передан на FTP: 1C в директорию OLTC_agn_02mok_main
2024/10/09 16:50:41 Файл скопирован в архив: C:\FTP\Archive\OLTC_agn_02mok_main\AAA20241009_165039_158408923.xml
2024/10/09 16:50:41 Файл: AAA20241009_165039_158408923.xml успешно передан на FTP: VK_SOFI в директорию OLTC_agn_02mok_main
2024/10/09 16:50:41 Файл: AAA20241009_165039_158408923.xml успешно передан на FTP: 1C в директорию OLTC_agn_02mok_main
