2024/10/09 17:06:50 Файл скопирован в архив: C:\FTP\Archive\OLTC_agn_02mok_main\AAA20241009_170646_158421128.xml
2024/10/09 17:06:50 Файл: AAA20241009_170646_158421128.xml успешно передан на FTP: VK_SOFI в директорию OLTC_agn_02mok_main
2024/10/09 17:06:50 Файл: AAA20241009_170646_158421128.xml успешно передан на FTP: 1C в директорию OLTC_agn_02mok_main
2024/10/09 17:07:01 Файл скопирован в архив: C:\FTP\Archive\OLTC_agn_02mok_main\AAA20241009_170653_158421229.xml
2024/10/09 17:07:01 Файл: AAA20241009_170653_158421229.xml успешно передан на FTP: VK_SOFI в директорию OLTC_agn_02mok_main
2024/10/09 17:07:01 Файл: AAA20241009_170653_158421229.xml успешно передан на FTP: 1C в директорию OLTC_agn_02mok_main
2024/10/09 17:08:31 Файл скопирован в архив: C:\FTP\Archive\OLTC_agn_02mok_main\AAA20241009_170825_158422501.xml
2024/10/09 17:08:31 Файл: AAA20241009_170825_158422501.xml успешно передан на FTP: VK_SOFI в директорию OLTC_agn_02mok_main
2024/10/09 17:08:31 Файл: AAA20241009_170825_158422501.xml успешно передан на FTP: 1C в директорию OLTC_agn_02mok_main
2024/10/09 17:10:19 Файл скопирован в архив: C:\FTP\Archive\OLTC_87mov_ppr05\AAA20241009_171016_158423773.xml
2024/10/09 17:10:19 Файл: AAA20241009_171016_158423773.xml успешно передан на FTP: VK_SOFI в директорию OLTC_87mov_ppr05
2024/10/09 17:10:19 Файл: AAA20241009_171016_158423773.xml успешно передан на FTP: 1C в директорию OLTC_87mov_ppr05
2024/10/09 17:12:52 Файл скопирован в архив: C:\FTP\Archive\OLTC_27moa_ppr34\AAA20241009_171242_158425721.xml
2024/10/09 17:12:52 Файл: AAA20241009_171242_158425721.xml успешно передан на FTP: VK_SOFI в директорию OLTC_27moa_ppr34
2024/10/09 17:12:52 Файл: AAA20241009_171242_158425721.xml успешно передан на FTP: 1C в директорию OLTC_27moa_ppr34
2024/10/09 17:15:35 Файл скопирован в архив: C:\FTP\Archive\OLTC_agn_02mok_main\AAA20241009_171530_158427540.xml
2024/10/09 17:15:35 Файл: AAA20241009_171530_158427540.xml успешно передан на FTP: VK_SOFI в директорию OLTC_agn_02mok_main
2024/10/09 17:15:35 Файл: AAA20241009_171530_158427540.xml успешно передан на FTP: 1C в директорию OLTC_agn_02mok_main
2024/10/09 17:15:35 Файл скопирован в архив: C:\FTP\Archive\OLTC_agn_02mok_main\AAA20241009_171530_158427545.xml
2024/10/09 17:15:35 Файл: AAA20241009_171530_158427545.xml успешно передан на FTP: VK_SOFI в директорию OLTC_agn_02mok_main
2024/10/09 17:15:35 Файл: AAA20241009_171530_158427545.xml успешно передан на FTP: 1C в директорию OLTC_agn_02mok_main
2024/10/09 17:16:07 Файл скопирован в архив: C:\FTP\Archive\OLTC_agn_02mok_main\AAA20241009_171601_158427829.xml
2024/10/09 17:16:07 Файл: AAA20241009_171601_158427829.xml успешно передан на FTP: VK_SOFI в директорию OLTC_agn_02mok_main
2024/10/09 17:16:07 Файл: AAA20241009_171601_158427829.xml успешно передан на FTP: 1C в директорию OLTC_agn_02mok_main
2024/10/09 17:16:40 Файл скопирован в архив: C:\FTP\Archive\OLTC_agn_02mok_main\AAA20241009_171630_158428128.xml
2024/10/09 17:16:40 Файл: AAA20241009_171630_158428128.xml успешно передан на FTP: VK_SOFI в директорию OLTC_agn_02mok_main
2024/10/09 17:16:40 Файл: AAA20241009_171630_158428128.xml успешно передан на FTP: 1C в директорию OLTC_agn_02mok_main
2024/10/09 17:38:49 Файл скопирован в архив: C:\FTP\Archive\OLTC_agn_02mok_main\AAA20241009_173841_158443592.xml
2024/10/09 17:38:49 Файл: AAA20241009_173841_158443592.xml успешно передан на FTP: VK_SOFI в директорию OLTC_agn_02mok_main
2024/10/09 17:38:49 Файл: AAA20241009_173841_158443592.xml успешно передан на FTP: 1C в директорию OLTC_agn_02mok_main
2024/10/09 17:38:49 Файл скопирован в архив: C:\FTP\Archive\OLTC_agn_02mok_main\AAA20241009_173841_158443594.xml
2024/10/09 17:38:49 Файл: AAA20241009_173841_158443594.xml успешно передан на FTP: VK_SOFI в директорию OLTC_agn_02mok_main
2024/10/09 17:38:49 Файл: AAA20241009_173841_158443594.xml успешно передан на FTP: 1C в директорию OLTC_agn_02mok_main
2024/10/09 17:38:49 Файл скопирован в архив: C:\FTP\Archive\OLTC_agn_02mok_main\AAA20241009_173842_158443667.xml
2024/10/09 17:38:49 Файл: AAA20241009_173842_158443667.xml успешно передан на FTP: VK_SOFI в директорию OLTC_agn_02mok_main
2024/10/09 17:38:49 Файл: AAA20241009_173842_158443667.xml успешно передан на FTP: 1C в директорию OLTC_agn_02mok_main
2024/10/09 17:38:49 Файл скопирован в архив: C:\FTP\Archive\OLTC_agn_02mok_main\AAA20241009_173842_158443671.xml
2024/10/09 17:38:49 Файл: AAA20241009_173842_158443671.xml успешно передан на FTP: VK_SOFI в директорию OLTC_agn_02mok_main
2024/10/09 17:38:49 Файл: AAA20241009_173842_158443671.xml успешно передан на FTP: 1C в директорию OLTC_agn_02mok_main
2024/10/09 17:38:49 Файл скопирован в архив: C:\FTP\Archive\OLTC_agn_02mok_main\AAA20241009_173842_158443674.xml
2024/10/09 17:38:49 Файл: AAA20241009_173842_158443674.xml успешно передан на FTP: VK_SOFI в директорию OLTC_agn_02mok_main
2024/10/09 17:38:49 Файл: AAA20241009_173842_158443674.xml успешно передан на FTP: 1C в директорию OLTC_agn_02mok_main
2024/10/09 17:38:49 Файл скопирован в архив: C:\FTP\Archive\OLTC_agn_02mok_main\AAA20241009_173842_158443676.xml
2024/10/09 17:38:49 Файл: AAA20241009_173842_158443676.xml успешно передан на FTP: 1C в директорию OLTC_agn_02mok_main
2024/10/09 17:38:50 Файл: AAA20241009_173842_158443676.xml успешно передан на FTP: VK_SOFI в директорию OLTC_agn_02mok_main
2024/10/09 17:58:04 Файл скопирован в архив: C:\FTP\Archive\OLTC_87mov_ppr05\AAA20241009_175759_158456770.xml
2024/10/09 17:58:04 Файл: AAA20241009_175759_158456770.xml успешно передан на FTP: 1C в директорию OLTC_87mov_ppr05
2024/10/09 17:58:04 Файл: AAA20241009_175759_158456770.xml успешно передан на FTP: VK_SOFI в директорию OLTC_87mov_ppr05
2024/10/09 17:58:38 Файл скопирован в архив: C:\FTP\Archive\OLTC_52msa_ppr01\AAA20241009_175834_158457099.xml
2024/10/09 17:58:38 Файл: AAA20241009_175834_158457099.xml успешно передан на FTP: VK_SOFI в директорию OLTC_52msa_ppr01
2024/10/09 17:58:38 Файл: AAA20241009_175834_158457099.xml успешно передан на FTP: 1C в директорию OLTC_52msa_ppr01
2024/10/09 18:01:35 Файл скопирован в архив: C:\FTP\Archive\OLTC_87mov_ppr05\AAA20241009_180127_158459014.xml
2024/10/09 18:01:35 Файл: AAA20241009_180127_158459014.xml успешно передан на FTP: 1C в директорию OLTC_87mov_ppr05
2024/10/09 18:01:35 Файл: AAA20241009_180127_158459014.xml успешно передан на FTP: VK_SOFI в директорию OLTC_87mov_ppr05
2024/10/09 18:05:43 Файл скопирован в архив: C:\FTP\Archive\OLTC_87mov_ppr05\AAA20241009_180537_158462334.xml
2024/10/09 18:05:43 Файл: AAA20241009_180537_158462334.xml успешно передан на FTP: VK_SOFI в директорию OLTC_87mov_ppr05
2024/10/09 18:05:43 Файл: AAA20241009_180537_158462334.xml успешно передан на FTP: 1C в директорию OLTC_87mov_ppr05
2024/10/09 18:13:59 Файл скопирован в архив: C:\FTP\Archive\OLTC_87mov_ppr05\AAA20241009_181357_158468780.xml
2024/10/09 18:13:59 Файл: AAA20241009_181357_158468780.xml успешно передан на FTP: VK_SOFI в директорию OLTC_87mov_ppr05
2024/10/09 18:13:59 Файл: AAA20241009_181357_158468780.xml успешно передан на FTP: 1C в директорию OLTC_87mov_ppr05
2024/10/09 18:14:21 Файл скопирован в архив: C:\FTP\Archive\LinerB2B\0MK1NP.json
2024/10/09 18:14:21 Файл: 0MK1NP.json успешно передан на FTP: VK_SOFI в директорию LinerB2B
2024/10/09 18:14:21 Файл: 0MK1NP.json успешно передан на FTP: 1C в директорию LinerB2B
2024/10/09 18:22:56 Файл скопирован в архив: C:\FTP\Archive\S7Smart\4212120317056_Sa.air
2024/10/09 18:22:56 Файл: 4212120317056_Sa.air успешно передан на FTP: VK_SOFI в директорию S7Smart
2024/10/09 18:22:56 Файл: 4212120317056_Sa.air успешно передан на FTP: 1C в директорию S7Smart
2024/10/09 18:25:06 Файл скопирован в архив: C:\FTP\Archive\LinerB2B\0MK5FN.json
2024/10/09 18:25:06 Файл: 0MK5FN.json успешно передан на FTP: VK_SOFI в директорию LinerB2B
2024/10/09 18:25:06 Файл: 0MK5FN.json успешно передан на FTP: 1C в директорию LinerB2B
2024/10/09 18:33:58 Файл скопирован в архив: C:\FTP\Archive\OLTC_agn_02mok_main\AAA20241009_183348_158484246.xml
2024/10/09 18:33:58 Файл: AAA20241009_183348_158484246.xml успешно передан на FTP: VK_SOFI в директорию OLTC_agn_02mok_main
2024/10/09 18:33:58 Файл: AAA20241009_183348_158484246.xml успешно передан на FTP: 1C в директорию OLTC_agn_02mok_main
2024/10/09 18:33:58 Файл скопирован в архив: C:\FTP\Archive\OLTC_agn_02mok_main\AAA20241009_183348_158484251.xml
2024/10/09 18:33:58 Файл: AAA20241009_183348_158484251.xml успешно передан на FTP: 1C в директорию OLTC_agn_02mok_main
2024/10/09 18:33:58 Файл: AAA20241009_183348_158484251.xml успешно передан на FTP: VK_SOFI в директорию OLTC_agn_02mok_main
2024/10/09 18:33:58 Файл скопирован в архив: C:\FTP\Archive\OLTC_agn_02mok_main\AAA20241009_183348_158484255.xml
2024/10/09 18:33:58 Файл: AAA20241009_183348_158484255.xml успешно передан на FTP: VK_SOFI в директорию OLTC_agn_02mok_main
2024/10/09 18:33:58 Файл: AAA20241009_183348_158484255.xml успешно передан на FTP: 1C в директорию OLTC_agn_02mok_main
2024/10/09 18:33:58 Файл скопирован в архив: C:\FTP\Archive\OLTC_agn_02mok_main\AAA20241009_183348_158484257.xml
2024/10/09 18:33:58 Файл: AAA20241009_183348_158484257.xml успешно передан на FTP: VK_SOFI в директорию OLTC_agn_02mok_main
2024/10/09 18:33:58 Файл: AAA20241009_183348_158484257.xml успешно передан на FTP: 1C в директорию OLTC_agn_02mok_main
2024/10/09 18:38:06 Файл скопирован в архив: C:\FTP\Archive\LinerB2B\0MK9D3.json
2024/10/09 18:38:06 Файл: 0MK9D3.json успешно передан на FTP: VK_SOFI в директорию LinerB2B
2024/10/09 18:38:06 Файл: 0MK9D3.json успешно передан на FTP: 1C в директорию LinerB2B
